Determining if the include file util.h exists failed with the following output:
Change Dir: /home/haoxin/disk-smu/research/klee-ccured/build/CMakeFiles/CMakeTmp

Run Build Command(s):/usr/bin/make cmTC_f4b82/fast && /usr/bin/make  -f CMakeFiles/cmTC_f4b82.dir/build.make CMakeFiles/cmTC_f4b82.dir/build
make[1]: Entering directory '/home/haoxin/disk-smu/research/klee-ccured/build/CMakeFiles/CMakeTmp'
Building C object CMakeFiles/cmTC_f4b82.dir/CheckIncludeFile.c.o
/usr/bin/cc   -Wall -Wextra -Wno-unused-parameter  -o CMakeFiles/cmTC_f4b82.dir/CheckIncludeFile.c.o -c /home/haoxin/disk-smu/research/klee-ccured/build/CMakeFiles/CMakeTmp/CheckIncludeFile.c
In file included from /home/haoxin/disk-smu/research/klee-ccured/build/CMakeFiles/CMakeTmp/CheckIncludeFile.c:1:0:
/usr/local/include/util.h:223:10: fatal error: string: No such file or directory
 #include <string>
          ^~~~~~~~
compilation terminated.
CMakeFiles/cmTC_f4b82.dir/build.make:84: recipe for target 'CMakeFiles/cmTC_f4b82.dir/CheckIncludeFile.c.o' failed
make[1]: *** [CMakeFiles/cmTC_f4b82.dir/CheckIncludeFile.c.o] Error 1
make[1]: Leaving directory '/home/haoxin/disk-smu/research/klee-ccured/build/CMakeFiles/CMakeTmp'
Makefile:140: recipe for target 'cmTC_f4b82/fast' failed
make: *** [cmTC_f4b82/fast] Error 2



Determining if the include file libutil.h exists failed with the following output:
Change Dir: /home/haoxin/disk-smu/research/klee-ccured/build/CMakeFiles/CMakeTmp

Run Build Command(s):/usr/bin/make cmTC_095dd/fast && /usr/bin/make  -f CMakeFiles/cmTC_095dd.dir/build.make CMakeFiles/cmTC_095dd.dir/build
make[1]: Entering directory '/home/haoxin/disk-smu/research/klee-ccured/build/CMakeFiles/CMakeTmp'
Building C object CMakeFiles/cmTC_095dd.dir/CheckIncludeFile.c.o
/usr/bin/cc   -Wall -Wextra -Wno-unused-parameter  -o CMakeFiles/cmTC_095dd.dir/CheckIncludeFile.c.o -c /home/haoxin/disk-smu/research/klee-ccured/build/CMakeFiles/CMakeTmp/CheckIncludeFile.c
/home/haoxin/disk-smu/research/klee-ccured/build/CMakeFiles/CMakeTmp/CheckIncludeFile.c:1:10: fatal error: libutil.h: No such file or directory
 #include <libutil.h>
          ^~~~~~~~~~~
compilation terminated.
CMakeFiles/cmTC_095dd.dir/build.make:84: recipe for target 'CMakeFiles/cmTC_095dd.dir/CheckIncludeFile.c.o' failed
make[1]: *** [CMakeFiles/cmTC_095dd.dir/CheckIncludeFile.c.o] Error 1
make[1]: Leaving directory '/home/haoxin/disk-smu/research/klee-ccured/build/CMakeFiles/CMakeTmp'
Makefile:140: recipe for target 'cmTC_095dd/fast' failed
make: *** [cmTC_095dd/fast] Error 2



Determining if the function openpty exists failed with the following output:
Change Dir: /home/haoxin/disk-smu/research/klee-ccured/build/CMakeFiles/CMakeTmp

Run Build Command(s):/usr/bin/make cmTC_37346/fast && /usr/bin/make  -f CMakeFiles/cmTC_37346.dir/build.make CMakeFiles/cmTC_37346.dir/build
make[1]: Entering directory '/home/haoxin/disk-smu/research/klee-ccured/build/CMakeFiles/CMakeTmp'
Building C object CMakeFiles/cmTC_37346.dir/CheckFunctionExists.c.o
/usr/bin/cc   -Wall -Wextra -Wno-unused-parameter -DCHECK_FUNCTION_EXISTS=openpty -o CMakeFiles/cmTC_37346.dir/CheckFunctionExists.c.o -c /usr/local/share/cmake-3.19/Modules/CheckFunctionExists.c
Linking C executable cmTC_37346
/usr/local/bin/cmake -E cmake_link_script CMakeFiles/cmTC_37346.dir/link.txt --verbose=1
/usr/bin/cc  -Wall -Wextra -Wno-unused-parameter -DCHECK_FUNCTION_EXISTS=openpty -rdynamic CMakeFiles/cmTC_37346.dir/CheckFunctionExists.c.o -o cmTC_37346 
/usr/local/bin/ld: CMakeFiles/cmTC_37346.dir/CheckFunctionExists.c.o: in function `main':
CheckFunctionExists.c:(.text+0x10): undefined reference to `openpty'
collect2: error: ld returned 1 exit status
CMakeFiles/cmTC_37346.dir/build.make:105: recipe for target 'cmTC_37346' failed
make[1]: *** [cmTC_37346] Error 1
make[1]: Leaving directory '/home/haoxin/disk-smu/research/klee-ccured/build/CMakeFiles/CMakeTmp'
Makefile:140: recipe for target 'cmTC_37346/fast' failed
make: *** [cmTC_37346/fast] Error 2



Determining if the malloc_zone_statistics exist failed with the following output:
Change Dir: /home/haoxin/disk-smu/research/klee-ccured/build/CMakeFiles/CMakeTmp

Run Build Command(s):/usr/bin/make cmTC_cdb6b/fast && /usr/bin/make  -f CMakeFiles/cmTC_cdb6b.dir/build.make CMakeFiles/cmTC_cdb6b.dir/build
make[1]: Entering directory '/home/haoxin/disk-smu/research/klee-ccured/build/CMakeFiles/CMakeTmp'
Building CXX object CMakeFiles/cmTC_cdb6b.dir/CheckSymbolExists.cxx.o
/usr/bin/c++   -Wall -Wextra -Wno-unused-parameter  -o CMakeFiles/cmTC_cdb6b.dir/CheckSymbolExists.cxx.o -c /home/haoxin/disk-smu/research/klee-ccured/build/CMakeFiles/CMakeTmp/CheckSymbolExists.cxx
/home/haoxin/disk-smu/research/klee-ccured/build/CMakeFiles/CMakeTmp/CheckSymbolExists.cxx:2:10: fatal error: malloc/malloc.h: No such file or directory
 #include <malloc/malloc.h>
          ^~~~~~~~~~~~~~~~~
compilation terminated.
CMakeFiles/cmTC_cdb6b.dir/build.make:84: recipe for target 'CMakeFiles/cmTC_cdb6b.dir/CheckSymbolExists.cxx.o' failed
make[1]: *** [CMakeFiles/cmTC_cdb6b.dir/CheckSymbolExists.cxx.o] Error 1
make[1]: Leaving directory '/home/haoxin/disk-smu/research/klee-ccured/build/CMakeFiles/CMakeTmp'
Makefile:140: recipe for target 'cmTC_cdb6b/fast' failed
make: *** [cmTC_cdb6b/fast] Error 2


File /home/haoxin/disk-smu/research/klee-ccured/build/CMakeFiles/CMakeTmp/CheckSymbolExists.cxx:
/* */
#include <malloc/malloc.h>

int main(int argc, char** argv)
{
  (void)argv;
#ifndef malloc_zone_statistics
  return ((int*)(&malloc_zone_statistics))[argc];
#else
  (void)argc;
  return 0;
#endif
}
Determining if the include file selinux/selinux.h exists failed with the following output:
Change Dir: /home/haoxin/disk-smu/research/klee-ccured/build/CMakeFiles/CMakeTmp

Run Build Command(s):/usr/bin/make cmTC_154ca/fast && /usr/bin/make  -f CMakeFiles/cmTC_154ca.dir/build.make CMakeFiles/cmTC_154ca.dir/build
make[1]: Entering directory '/home/haoxin/disk-smu/research/klee-ccured/build/CMakeFiles/CMakeTmp'
Building C object CMakeFiles/cmTC_154ca.dir/CheckIncludeFile.c.o
/usr/bin/cc   -Wall -Wextra -Wno-unused-parameter  -o CMakeFiles/cmTC_154ca.dir/CheckIncludeFile.c.o -c /home/haoxin/disk-smu/research/klee-ccured/build/CMakeFiles/CMakeTmp/CheckIncludeFile.c
/home/haoxin/disk-smu/research/klee-ccured/build/CMakeFiles/CMakeTmp/CheckIncludeFile.c:1:10: fatal error: selinux/selinux.h: No such file or directory
 #include <selinux/selinux.h>
          ^~~~~~~~~~~~~~~~~~~
compilation terminated.
CMakeFiles/cmTC_154ca.dir/build.make:84: recipe for target 'CMakeFiles/cmTC_154ca.dir/CheckIncludeFile.c.o' failed
make[1]: *** [CMakeFiles/cmTC_154ca.dir/CheckIncludeFile.c.o] Error 1
make[1]: Leaving directory '/home/haoxin/disk-smu/research/klee-ccured/build/CMakeFiles/CMakeTmp'
Makefile:140: recipe for target 'cmTC_154ca/fast' failed
make: *** [cmTC_154ca/fast] Error 2



Determining if the include file sys/acl.h exists failed with the following output:
Change Dir: /home/haoxin/disk-smu/research/klee-ccured/build/CMakeFiles/CMakeTmp

Run Build Command(s):/usr/bin/make cmTC_2e62c/fast && /usr/bin/make  -f CMakeFiles/cmTC_2e62c.dir/build.make CMakeFiles/cmTC_2e62c.dir/build
make[1]: Entering directory '/home/haoxin/disk-smu/research/klee-ccured/build/CMakeFiles/CMakeTmp'
Building C object CMakeFiles/cmTC_2e62c.dir/CheckIncludeFile.c.o
/usr/bin/cc   -Wall -Wextra -Wno-unused-parameter  -o CMakeFiles/cmTC_2e62c.dir/CheckIncludeFile.c.o -c /home/haoxin/disk-smu/research/klee-ccured/build/CMakeFiles/CMakeTmp/CheckIncludeFile.c
/home/haoxin/disk-smu/research/klee-ccured/build/CMakeFiles/CMakeTmp/CheckIncludeFile.c:1:10: fatal error: sys/acl.h: No such file or directory
 #include <sys/acl.h>
          ^~~~~~~~~~~
compilation terminated.
CMakeFiles/cmTC_2e62c.dir/build.make:84: recipe for target 'CMakeFiles/cmTC_2e62c.dir/CheckIncludeFile.c.o' failed
make[1]: *** [CMakeFiles/cmTC_2e62c.dir/CheckIncludeFile.c.o] Error 1
make[1]: Leaving directory '/home/haoxin/disk-smu/research/klee-ccured/build/CMakeFiles/CMakeTmp'
Makefile:140: recipe for target 'cmTC_2e62c/fast' failed
make: *** [cmTC_2e62c/fast] Error 2



