The system is: Linux - 5.4.0-100-generic - x86_64
Compiling the CXX compiler identification source file "CMakeCXXCompilerId.cpp" succeeded.
Compiler: /usr/bin/c++ 
Build flags: 
Id flags:  

The output was:
0


Compilation of the CXX compiler identification source "CMakeCXXCompilerId.cpp" produced "a.out"

The CXX compiler identification is GNU, found in "/home/haoxin/disk-smu/research/klee-ccured/build/CMakeFiles/3.19.3/CompilerIdCXX/a.out"

Compiling the C compiler identification source file "CMakeCCompilerId.c" succeeded.
Compiler: /usr/bin/cc 
Build flags: 
Id flags:  

The output was:
0


Compilation of the C compiler identification source "CMakeCCompilerId.c" produced "a.out"

The C compiler identification is GNU, found in "/home/haoxin/disk-smu/research/klee-ccured/build/CMakeFiles/3.19.3/CompilerIdC/a.out"

Detecting CXX compiler ABI info compiled with the following output:
Change Dir: /home/haoxin/disk-smu/research/klee-ccured/build/CMakeFiles/CMakeTmp

Run Build Command(s):/usr/bin/make cmTC_6982b/fast && /usr/bin/make  -f CMakeFiles/cmTC_6982b.dir/build.make CMakeFiles/cmTC_6982b.dir/build
make[1]: Entering directory '/home/haoxin/disk-smu/research/klee-ccured/build/CMakeFiles/CMakeTmp'
Building CXX object CMakeFiles/cmTC_6982b.dir/CMakeCXXCompilerABI.cpp.o
/usr/bin/c++   -v -o CMakeFiles/cmTC_6982b.dir/CMakeCXXCompilerABI.cpp.o -c /usr/local/share/cmake-3.19/Modules/CMakeCXXCompilerABI.cpp
Using built-in specs.
COLLECT_GCC=/usr/bin/c++
OFFLOAD_TARGET_NAMES=nvptx-none
OFFLOAD_TARGET_DEFAULT=1
Target: x86_64-linux-gnu
Configured with: ../src/configure -v --with-pkgversion='Ubuntu 7.5.0-3ubuntu1~18.04' --with-bugurl=file:///usr/share/doc/gcc-7/README.Bugs --enable-languages=c,ada,c++,go,brig,d,fortran,objc,obj-c++ --prefix=/usr --with-gcc-major-version-only --program-suffix=-7 --program-prefix=x86_64-linux-gnu- --enable-shared --enable-linker-build-id --libexecdir=/usr/lib --without-included-gettext --enable-threads=posix --libdir=/usr/lib --enable-nls --enable-bootstrap --enable-clocale=gnu --enable-libstdcxx-debug --enable-libstdcxx-time=yes --with-default-libstdcxx-abi=new --enable-gnu-unique-object --disable-vtable-verify --enable-libmpx --enable-plugin --enable-default-pie --with-system-zlib --with-target-system-zlib --enable-objc-gc=auto --enable-multiarch --disable-werror --with-arch-32=i686 --with-abi=m64 --with-multilib-list=m32,m64,mx32 --enable-multilib --with-tune=generic --enable-offload-targets=nvptx-none --without-cuda-driver --enable-checking=release --build=x86_64-linux-gnu --host=x86_64-linux-gnu --target=x86_64-linux-gnu
Thread model: posix
gcc version 7.5.0 (Ubuntu 7.5.0-3ubuntu1~18.04) 
COLLECT_GCC_OPTIONS='-v' '-o' 'CMakeFiles/cmTC_6982b.dir/CMakeCXXCompilerABI.cpp.o' '-c' '-shared-libgcc' '-mtune=generic' '-march=x86-64'
 /usr/lib/gcc/x86_64-linux-gnu/7/cc1plus -quiet -v -imultiarch x86_64-linux-gnu -D_GNU_SOURCE /usr/local/share/cmake-3.19/Modules/CMakeCXXCompilerABI.cpp -quiet -dumpbase CMakeCXXCompilerABI.cpp -mtune=generic -march=x86-64 -auxbase-strip CMakeFiles/cmTC_6982b.dir/CMakeCXXCompilerABI.cpp.o -version -fstack-protector-strong -Wformat -Wformat-security -o /tmp/ccSgtw9E.s
GNU C++14 (Ubuntu 7.5.0-3ubuntu1~18.04) version 7.5.0 (x86_64-linux-gnu)
	compiled by GNU C version 7.5.0, GMP version 6.1.2, MPFR version 4.0.1, MPC version 1.1.0, isl version isl-0.19-GMP

GGC heuristics: --param ggc-min-expand=100 --param ggc-min-heapsize=131072
ignoring duplicate directory "/usr/include/x86_64-linux-gnu/c++/7"
ignoring nonexistent directory "/usr/local/include/x86_64-linux-gnu"
ignoring nonexistent directory "/usr/lib/gcc/x86_64-linux-gnu/7/../../../../x86_64-linux-gnu/include"
#include "..." search starts here:
#include <...> search starts here:
 /usr/include/c++/7
 /usr/include/x86_64-linux-gnu/c++/7
 /usr/include/c++/7/backward
 /usr/lib/gcc/x86_64-linux-gnu/7/include
 /usr/local/include
 /usr/lib/gcc/x86_64-linux-gnu/7/include-fixed
 /usr/include/x86_64-linux-gnu
 /usr/include
End of search list.
GNU C++14 (Ubuntu 7.5.0-3ubuntu1~18.04) version 7.5.0 (x86_64-linux-gnu)
	compiled by GNU C version 7.5.0, GMP version 6.1.2, MPFR version 4.0.1, MPC version 1.1.0, isl version isl-0.19-GMP

GGC heuristics: --param ggc-min-expand=100 --param ggc-min-heapsize=131072
Compiler executable checksum: 3eb3dc290cd5714c3e1c3ae751116f07
COLLECT_GCC_OPTIONS='-v' '-o' 'CMakeFiles/cmTC_6982b.dir/CMakeCXXCompilerABI.cpp.o' '-c' '-shared-libgcc' '-mtune=generic' '-march=x86-64'
 as -v --64 -o CMakeFiles/cmTC_6982b.dir/CMakeCXXCompilerABI.cpp.o /tmp/ccSgtw9E.s
GNU assembler version 2.35 (x86_64-pc-linux-gnu) using BFD version (GNU Binutils) 2.35
COMPILER_PATH=/usr/lib/gcc/x86_64-linux-gnu/7/:/usr/lib/gcc/x86_64-linux-gnu/7/:/usr/lib/gcc/x86_64-linux-gnu/:/usr/lib/gcc/x86_64-linux-gnu/7/:/usr/lib/gcc/x86_64-linux-gnu/
LIBRARY_PATH=/usr/lib/gcc/x86_64-linux-gnu/7/:/usr/lib/gcc/x86_64-linux-gnu/7/../../../x86_64-linux-gnu/:/usr/lib/gcc/x86_64-linux-gnu/7/../../../../lib/:/lib/x86_64-linux-gnu/:/lib/../lib/:/usr/lib/x86_64-linux-gnu/:/usr/lib/../lib/:/usr/lib/gcc/x86_64-linux-gnu/7/../../../:/lib/:/usr/lib/
COLLECT_GCC_OPTIONS='-v' '-o' 'CMakeFiles/cmTC_6982b.dir/CMakeCXXCompilerABI.cpp.o' '-c' '-shared-libgcc' '-mtune=generic' '-march=x86-64'
Linking CXX executable cmTC_6982b
/usr/local/bin/cmake -E cmake_link_script CMakeFiles/cmTC_6982b.dir/link.txt --verbose=1
/usr/bin/c++  -v -rdynamic CMakeFiles/cmTC_6982b.dir/CMakeCXXCompilerABI.cpp.o -o cmTC_6982b 
Using built-in specs.
COLLECT_GCC=/usr/bin/c++
COLLECT_LTO_WRAPPER=/usr/lib/gcc/x86_64-linux-gnu/7/lto-wrapper
OFFLOAD_TARGET_NAMES=nvptx-none
OFFLOAD_TARGET_DEFAULT=1
Target: x86_64-linux-gnu
Configured with: ../src/configure -v --with-pkgversion='Ubuntu 7.5.0-3ubuntu1~18.04' --with-bugurl=file:///usr/share/doc/gcc-7/README.Bugs --enable-languages=c,ada,c++,go,brig,d,fortran,objc,obj-c++ --prefix=/usr --with-gcc-major-version-only --program-suffix=-7 --program-prefix=x86_64-linux-gnu- --enable-shared --enable-linker-build-id --libexecdir=/usr/lib --without-included-gettext --enable-threads=posix --libdir=/usr/lib --enable-nls --enable-bootstrap --enable-clocale=gnu --enable-libstdcxx-debug --enable-libstdcxx-time=yes --with-default-libstdcxx-abi=new --enable-gnu-unique-object --disable-vtable-verify --enable-libmpx --enable-plugin --enable-default-pie --with-system-zlib --with-target-system-zlib --enable-objc-gc=auto --enable-multiarch --disable-werror --with-arch-32=i686 --with-abi=m64 --with-multilib-list=m32,m64,mx32 --enable-multilib --with-tune=generic --enable-offload-targets=nvptx-none --without-cuda-driver --enable-checking=release --build=x86_64-linux-gnu --host=x86_64-linux-gnu --target=x86_64-linux-gnu
Thread model: posix
gcc version 7.5.0 (Ubuntu 7.5.0-3ubuntu1~18.04) 
COMPILER_PATH=/usr/lib/gcc/x86_64-linux-gnu/7/:/usr/lib/gcc/x86_64-linux-gnu/7/:/usr/lib/gcc/x86_64-linux-gnu/:/usr/lib/gcc/x86_64-linux-gnu/7/:/usr/lib/gcc/x86_64-linux-gnu/
LIBRARY_PATH=/usr/lib/gcc/x86_64-linux-gnu/7/:/usr/lib/gcc/x86_64-linux-gnu/7/../../../x86_64-linux-gnu/:/usr/lib/gcc/x86_64-linux-gnu/7/../../../../lib/:/lib/x86_64-linux-gnu/:/lib/../lib/:/usr/lib/x86_64-linux-gnu/:/usr/lib/../lib/:/usr/lib/gcc/x86_64-linux-gnu/7/../../../:/lib/:/usr/lib/
COLLECT_GCC_OPTIONS='-v' '-rdynamic' '-o' 'cmTC_6982b' '-shared-libgcc' '-mtune=generic' '-march=x86-64'
 /usr/lib/gcc/x86_64-linux-gnu/7/collect2 -plugin /usr/lib/gcc/x86_64-linux-gnu/7/liblto_plugin.so -plugin-opt=/usr/lib/gcc/x86_64-linux-gnu/7/lto-wrapper -plugin-opt=-fresolution=/tmp/ccggRIgI.res -plugin-opt=-pass-through=-lgcc_s -plugin-opt=-pass-through=-lgcc -plugin-opt=-pass-through=-lc -plugin-opt=-pass-through=-lgcc_s -plugin-opt=-pass-through=-lgcc --build-id --eh-frame-hdr -m elf_x86_64 --hash-style=gnu --as-needed -export-dynamic -dynamic-linker /lib64/ld-linux-x86-64.so.2 -pie -z now -z relro -o cmTC_6982b /usr/lib/gcc/x86_64-linux-gnu/7/../../../x86_64-linux-gnu/Scrt1.o /usr/lib/gcc/x86_64-linux-gnu/7/../../../x86_64-linux-gnu/crti.o /usr/lib/gcc/x86_64-linux-gnu/7/crtbeginS.o -L/usr/lib/gcc/x86_64-linux-gnu/7 -L/usr/lib/gcc/x86_64-linux-gnu/7/../../../x86_64-linux-gnu -L/usr/lib/gcc/x86_64-linux-gnu/7/../../../../lib -L/lib/x86_64-linux-gnu -L/lib/../lib -L/usr/lib/x86_64-linux-gnu -L/usr/lib/../lib -L/usr/lib/gcc/x86_64-linux-gnu/7/../../.. CMakeFiles/cmTC_6982b.dir/CMakeCXXCompilerABI.cpp.o -lstdc++ -lm -lgcc_s -lgcc -lc -lgcc_s -lgcc /usr/lib/gcc/x86_64-linux-gnu/7/crtendS.o /usr/lib/gcc/x86_64-linux-gnu/7/../../../x86_64-linux-gnu/crtn.o
COLLECT_GCC_OPTIONS='-v' '-rdynamic' '-o' 'cmTC_6982b' '-shared-libgcc' '-mtune=generic' '-march=x86-64'
make[1]: Leaving directory '/home/haoxin/disk-smu/research/klee-ccured/build/CMakeFiles/CMakeTmp'



Parsed CXX implicit include dir info from above output: rv=done
  found start of include info
  found start of implicit include info
    add: [/usr/include/c++/7]
    add: [/usr/include/x86_64-linux-gnu/c++/7]
    add: [/usr/include/c++/7/backward]
    add: [/usr/lib/gcc/x86_64-linux-gnu/7/include]
    add: [/usr/local/include]
    add: [/usr/lib/gcc/x86_64-linux-gnu/7/include-fixed]
    add: [/usr/include/x86_64-linux-gnu]
    add: [/usr/include]
  end of search list found
  collapse include dir [/usr/include/c++/7] ==> [/usr/include/c++/7]
  collapse include dir [/usr/include/x86_64-linux-gnu/c++/7] ==> [/usr/include/x86_64-linux-gnu/c++/7]
  collapse include dir [/usr/include/c++/7/backward] ==> [/usr/include/c++/7/backward]
  collapse include dir [/usr/lib/gcc/x86_64-linux-gnu/7/include] ==> [/usr/lib/gcc/x86_64-linux-gnu/7/include]
  collapse include dir [/usr/local/include] ==> [/usr/local/include]
  collapse include dir [/usr/lib/gcc/x86_64-linux-gnu/7/include-fixed] ==> [/usr/lib/gcc/x86_64-linux-gnu/7/include-fixed]
  collapse include dir [/usr/include/x86_64-linux-gnu] ==> [/usr/include/x86_64-linux-gnu]
  collapse include dir [/usr/include] ==> [/usr/include]
  implicit include dirs: [/usr/include/c++/7;/usr/include/x86_64-linux-gnu/c++/7;/usr/include/c++/7/backward;/usr/lib/gcc/x86_64-linux-gnu/7/include;/usr/local/include;/usr/lib/gcc/x86_64-linux-gnu/7/include-fixed;/usr/include/x86_64-linux-gnu;/usr/include]


Parsed CXX implicit link information from above output:
  link line regex: [^( *|.*[/\])(ld|CMAKE_LINK_STARTFILE-NOTFOUND|([^/\]+-)?ld|collect2)[^/\]*( |$)]
  ignore line: [Change Dir: /home/haoxin/disk-smu/research/klee-ccured/build/CMakeFiles/CMakeTmp]
  ignore line: []
  ignore line: [Run Build Command(s):/usr/bin/make cmTC_6982b/fast && /usr/bin/make  -f CMakeFiles/cmTC_6982b.dir/build.make CMakeFiles/cmTC_6982b.dir/build]
  ignore line: [make[1]: Entering directory '/home/haoxin/disk-smu/research/klee-ccured/build/CMakeFiles/CMakeTmp']
  ignore line: [Building CXX object CMakeFiles/cmTC_6982b.dir/CMakeCXXCompilerABI.cpp.o]
  ignore line: [/usr/bin/c++   -v -o CMakeFiles/cmTC_6982b.dir/CMakeCXXCompilerABI.cpp.o -c /usr/local/share/cmake-3.19/Modules/CMakeCXXCompilerABI.cpp]
  ignore line: [Using built-in specs.]
  ignore line: [COLLECT_GCC=/usr/bin/c++]
  ignore line: [OFFLOAD_TARGET_NAMES=nvptx-none]
  ignore line: [OFFLOAD_TARGET_DEFAULT=1]
  ignore line: [Target: x86_64-linux-gnu]
  ignore line: [Configured with: ../src/configure -v --with-pkgversion='Ubuntu 7.5.0-3ubuntu1~18.04' --with-bugurl=file:///usr/share/doc/gcc-7/README.Bugs --enable-languages=c ada c++ go brig d fortran objc obj-c++ --prefix=/usr --with-gcc-major-version-only --program-suffix=-7 --program-prefix=x86_64-linux-gnu- --enable-shared --enable-linker-build-id --libexecdir=/usr/lib --without-included-gettext --enable-threads=posix --libdir=/usr/lib --enable-nls --enable-bootstrap --enable-clocale=gnu --enable-libstdcxx-debug --enable-libstdcxx-time=yes --with-default-libstdcxx-abi=new --enable-gnu-unique-object --disable-vtable-verify --enable-libmpx --enable-plugin --enable-default-pie --with-system-zlib --with-target-system-zlib --enable-objc-gc=auto --enable-multiarch --disable-werror --with-arch-32=i686 --with-abi=m64 --with-multilib-list=m32 m64 mx32 --enable-multilib --with-tune=generic --enable-offload-targets=nvptx-none --without-cuda-driver --enable-checking=release --build=x86_64-linux-gnu --host=x86_64-linux-gnu --target=x86_64-linux-gnu]
  ignore line: [Thread model: posix]
  ignore line: [gcc version 7.5.0 (Ubuntu 7.5.0-3ubuntu1~18.04) ]
  ignore line: [COLLECT_GCC_OPTIONS='-v' '-o' 'CMakeFiles/cmTC_6982b.dir/CMakeCXXCompilerABI.cpp.o' '-c' '-shared-libgcc' '-mtune=generic' '-march=x86-64']
  ignore line: [ /usr/lib/gcc/x86_64-linux-gnu/7/cc1plus -quiet -v -imultiarch x86_64-linux-gnu -D_GNU_SOURCE /usr/local/share/cmake-3.19/Modules/CMakeCXXCompilerABI.cpp -quiet -dumpbase CMakeCXXCompilerABI.cpp -mtune=generic -march=x86-64 -auxbase-strip CMakeFiles/cmTC_6982b.dir/CMakeCXXCompilerABI.cpp.o -version -fstack-protector-strong -Wformat -Wformat-security -o /tmp/ccSgtw9E.s]
  ignore line: [GNU C++14 (Ubuntu 7.5.0-3ubuntu1~18.04) version 7.5.0 (x86_64-linux-gnu)]
  ignore line: [	compiled by GNU C version 7.5.0  GMP version 6.1.2  MPFR version 4.0.1  MPC version 1.1.0  isl version isl-0.19-GMP]
  ignore line: []
  ignore line: [GGC heuristics: --param ggc-min-expand=100 --param ggc-min-heapsize=131072]
  ignore line: [ignoring duplicate directory "/usr/include/x86_64-linux-gnu/c++/7"]
  ignore line: [ignoring nonexistent directory "/usr/local/include/x86_64-linux-gnu"]
  ignore line: [ignoring nonexistent directory "/usr/lib/gcc/x86_64-linux-gnu/7/../../../../x86_64-linux-gnu/include"]
  ignore line: [#include "..." search starts here:]
  ignore line: [#include <...> search starts here:]
  ignore line: [ /usr/include/c++/7]
  ignore line: [ /usr/include/x86_64-linux-gnu/c++/7]
  ignore line: [ /usr/include/c++/7/backward]
  ignore line: [ /usr/lib/gcc/x86_64-linux-gnu/7/include]
  ignore line: [ /usr/local/include]
  ignore line: [ /usr/lib/gcc/x86_64-linux-gnu/7/include-fixed]
  ignore line: [ /usr/include/x86_64-linux-gnu]
  ignore line: [ /usr/include]
  ignore line: [End of search list.]
  ignore line: [GNU C++14 (Ubuntu 7.5.0-3ubuntu1~18.04) version 7.5.0 (x86_64-linux-gnu)]
  ignore line: [	compiled by GNU C version 7.5.0  GMP version 6.1.2  MPFR version 4.0.1  MPC version 1.1.0  isl version isl-0.19-GMP]
  ignore line: []
  ignore line: [GGC heuristics: --param ggc-min-expand=100 --param ggc-min-heapsize=131072]
  ignore line: [Compiler executable checksum: 3eb3dc290cd5714c3e1c3ae751116f07]
  ignore line: [COLLECT_GCC_OPTIONS='-v' '-o' 'CMakeFiles/cmTC_6982b.dir/CMakeCXXCompilerABI.cpp.o' '-c' '-shared-libgcc' '-mtune=generic' '-march=x86-64']
  ignore line: [ as -v --64 -o CMakeFiles/cmTC_6982b.dir/CMakeCXXCompilerABI.cpp.o /tmp/ccSgtw9E.s]
  ignore line: [GNU assembler version 2.35 (x86_64-pc-linux-gnu) using BFD version (GNU Binutils) 2.35]
  ignore line: [COMPILER_PATH=/usr/lib/gcc/x86_64-linux-gnu/7/:/usr/lib/gcc/x86_64-linux-gnu/7/:/usr/lib/gcc/x86_64-linux-gnu/:/usr/lib/gcc/x86_64-linux-gnu/7/:/usr/lib/gcc/x86_64-linux-gnu/]
  ignore line: [LIBRARY_PATH=/usr/lib/gcc/x86_64-linux-gnu/7/:/usr/lib/gcc/x86_64-linux-gnu/7/../../../x86_64-linux-gnu/:/usr/lib/gcc/x86_64-linux-gnu/7/../../../../lib/:/lib/x86_64-linux-gnu/:/lib/../lib/:/usr/lib/x86_64-linux-gnu/:/usr/lib/../lib/:/usr/lib/gcc/x86_64-linux-gnu/7/../../../:/lib/:/usr/lib/]
  ignore line: [COLLECT_GCC_OPTIONS='-v' '-o' 'CMakeFiles/cmTC_6982b.dir/CMakeCXXCompilerABI.cpp.o' '-c' '-shared-libgcc' '-mtune=generic' '-march=x86-64']
  ignore line: [Linking CXX executable cmTC_6982b]
  ignore line: [/usr/local/bin/cmake -E cmake_link_script CMakeFiles/cmTC_6982b.dir/link.txt --verbose=1]
  ignore line: [/usr/bin/c++  -v -rdynamic CMakeFiles/cmTC_6982b.dir/CMakeCXXCompilerABI.cpp.o -o cmTC_6982b ]
  ignore line: [Using built-in specs.]
  ignore line: [COLLECT_GCC=/usr/bin/c++]
  ignore line: [COLLECT_LTO_WRAPPER=/usr/lib/gcc/x86_64-linux-gnu/7/lto-wrapper]
  ignore line: [OFFLOAD_TARGET_NAMES=nvptx-none]
  ignore line: [OFFLOAD_TARGET_DEFAULT=1]
  ignore line: [Target: x86_64-linux-gnu]
  ignore line: [Configured with: ../src/configure -v --with-pkgversion='Ubuntu 7.5.0-3ubuntu1~18.04' --with-bugurl=file:///usr/share/doc/gcc-7/README.Bugs --enable-languages=c ada c++ go brig d fortran objc obj-c++ --prefix=/usr --with-gcc-major-version-only --program-suffix=-7 --program-prefix=x86_64-linux-gnu- --enable-shared --enable-linker-build-id --libexecdir=/usr/lib --without-included-gettext --enable-threads=posix --libdir=/usr/lib --enable-nls --enable-bootstrap --enable-clocale=gnu --enable-libstdcxx-debug --enable-libstdcxx-time=yes --with-default-libstdcxx-abi=new --enable-gnu-unique-object --disable-vtable-verify --enable-libmpx --enable-plugin --enable-default-pie --with-system-zlib --with-target-system-zlib --enable-objc-gc=auto --enable-multiarch --disable-werror --with-arch-32=i686 --with-abi=m64 --with-multilib-list=m32 m64 mx32 --enable-multilib --with-tune=generic --enable-offload-targets=nvptx-none --without-cuda-driver --enable-checking=release --build=x86_64-linux-gnu --host=x86_64-linux-gnu --target=x86_64-linux-gnu]
  ignore line: [Thread model: posix]
  ignore line: [gcc version 7.5.0 (Ubuntu 7.5.0-3ubuntu1~18.04) ]
  ignore line: [COMPILER_PATH=/usr/lib/gcc/x86_64-linux-gnu/7/:/usr/lib/gcc/x86_64-linux-gnu/7/:/usr/lib/gcc/x86_64-linux-gnu/:/usr/lib/gcc/x86_64-linux-gnu/7/:/usr/lib/gcc/x86_64-linux-gnu/]
  ignore line: [LIBRARY_PATH=/usr/lib/gcc/x86_64-linux-gnu/7/:/usr/lib/gcc/x86_64-linux-gnu/7/../../../x86_64-linux-gnu/:/usr/lib/gcc/x86_64-linux-gnu/7/../../../../lib/:/lib/x86_64-linux-gnu/:/lib/../lib/:/usr/lib/x86_64-linux-gnu/:/usr/lib/../lib/:/usr/lib/gcc/x86_64-linux-gnu/7/../../../:/lib/:/usr/lib/]
  ignore line: [COLLECT_GCC_OPTIONS='-v' '-rdynamic' '-o' 'cmTC_6982b' '-shared-libgcc' '-mtune=generic' '-march=x86-64']
  link line: [ /usr/lib/gcc/x86_64-linux-gnu/7/collect2 -plugin /usr/lib/gcc/x86_64-linux-gnu/7/liblto_plugin.so -plugin-opt=/usr/lib/gcc/x86_64-linux-gnu/7/lto-wrapper -plugin-opt=-fresolution=/tmp/ccggRIgI.res -plugin-opt=-pass-through=-lgcc_s -plugin-opt=-pass-through=-lgcc -plugin-opt=-pass-through=-lc -plugin-opt=-pass-through=-lgcc_s -plugin-opt=-pass-through=-lgcc --build-id --eh-frame-hdr -m elf_x86_64 --hash-style=gnu --as-needed -export-dynamic -dynamic-linker /lib64/ld-linux-x86-64.so.2 -pie -z now -z relro -o cmTC_6982b /usr/lib/gcc/x86_64-linux-gnu/7/../../../x86_64-linux-gnu/Scrt1.o /usr/lib/gcc/x86_64-linux-gnu/7/../../../x86_64-linux-gnu/crti.o /usr/lib/gcc/x86_64-linux-gnu/7/crtbeginS.o -L/usr/lib/gcc/x86_64-linux-gnu/7 -L/usr/lib/gcc/x86_64-linux-gnu/7/../../../x86_64-linux-gnu -L/usr/lib/gcc/x86_64-linux-gnu/7/../../../../lib -L/lib/x86_64-linux-gnu -L/lib/../lib -L/usr/lib/x86_64-linux-gnu -L/usr/lib/../lib -L/usr/lib/gcc/x86_64-linux-gnu/7/../../.. CMakeFiles/cmTC_6982b.dir/CMakeCXXCompilerABI.cpp.o -lstdc++ -lm -lgcc_s -lgcc -lc -lgcc_s -lgcc /usr/lib/gcc/x86_64-linux-gnu/7/crtendS.o /usr/lib/gcc/x86_64-linux-gnu/7/../../../x86_64-linux-gnu/crtn.o]
    arg [/usr/lib/gcc/x86_64-linux-gnu/7/collect2] ==> ignore
    arg [-plugin] ==> ignore
    arg [/usr/lib/gcc/x86_64-linux-gnu/7/liblto_plugin.so] ==> ignore
    arg [-plugin-opt=/usr/lib/gcc/x86_64-linux-gnu/7/lto-wrapper] ==> ignore
    arg [-plugin-opt=-fresolution=/tmp/ccggRIgI.res] ==> ignore
    arg [-plugin-opt=-pass-through=-lgcc_s] ==> ignore
    arg [-plugin-opt=-pass-through=-lgcc] ==> ignore
    arg [-plugin-opt=-pass-through=-lc] ==> ignore
    arg [-plugin-opt=-pass-through=-lgcc_s] ==> ignore
    arg [-plugin-opt=-pass-through=-lgcc] ==> ignore
    arg [--build-id] ==> ignore
    arg [--eh-frame-hdr] ==> ignore
    arg [-m] ==> ignore
    arg [elf_x86_64] ==> ignore
    arg [--hash-style=gnu] ==> ignore
    arg [--as-needed] ==> ignore
    arg [-export-dynamic] ==> ignore
    arg [-dynamic-linker] ==> ignore
    arg [/lib64/ld-linux-x86-64.so.2] ==> ignore
    arg [-pie] ==> ignore
    arg [-znow] ==> ignore
    arg [-zrelro] ==> ignore
    arg [-o] ==> ignore
    arg [cmTC_6982b] ==> ignore
    arg [/usr/lib/gcc/x86_64-linux-gnu/7/../../../x86_64-linux-gnu/Scrt1.o] ==> ignore
    arg [/usr/lib/gcc/x86_64-linux-gnu/7/../../../x86_64-linux-gnu/crti.o] ==> ignore
    arg [/usr/lib/gcc/x86_64-linux-gnu/7/crtbeginS.o] ==> ignore
    arg [-L/usr/lib/gcc/x86_64-linux-gnu/7] ==> dir [/usr/lib/gcc/x86_64-linux-gnu/7]
    arg [-L/usr/lib/gcc/x86_64-linux-gnu/7/../../../x86_64-linux-gnu] ==> dir [/usr/lib/gcc/x86_64-linux-gnu/7/../../../x86_64-linux-gnu]
    arg [-L/usr/lib/gcc/x86_64-linux-gnu/7/../../../../lib] ==> dir [/usr/lib/gcc/x86_64-linux-gnu/7/../../../../lib]
    arg [-L/lib/x86_64-linux-gnu] ==> dir [/lib/x86_64-linux-gnu]
    arg [-L/lib/../lib] ==> dir [/lib/../lib]
    arg [-L/usr/lib/x86_64-linux-gnu] ==> dir [/usr/lib/x86_64-linux-gnu]
    arg [-L/usr/lib/../lib] ==> dir [/usr/lib/../lib]
    arg [-L/usr/lib/gcc/x86_64-linux-gnu/7/../../..] ==> dir [/usr/lib/gcc/x86_64-linux-gnu/7/../../..]
    arg [CMakeFiles/cmTC_6982b.dir/CMakeCXXCompilerABI.cpp.o] ==> ignore
    arg [-lstdc++] ==> lib [stdc++]
    arg [-lm] ==> lib [m]
    arg [-lgcc_s] ==> lib [gcc_s]
    arg [-lgcc] ==> lib [gcc]
    arg [-lc] ==> lib [c]
    arg [-lgcc_s] ==> lib [gcc_s]
    arg [-lgcc] ==> lib [gcc]
    arg [/usr/lib/gcc/x86_64-linux-gnu/7/crtendS.o] ==> ignore
    arg [/usr/lib/gcc/x86_64-linux-gnu/7/../../../x86_64-linux-gnu/crtn.o] ==> ignore
  collapse library dir [/usr/lib/gcc/x86_64-linux-gnu/7] ==> [/usr/lib/gcc/x86_64-linux-gnu/7]
  collapse library dir [/usr/lib/gcc/x86_64-linux-gnu/7/../../../x86_64-linux-gnu] ==> [/usr/lib/x86_64-linux-gnu]
  collapse library dir [/usr/lib/gcc/x86_64-linux-gnu/7/../../../../lib] ==> [/usr/lib]
  collapse library dir [/lib/x86_64-linux-gnu] ==> [/lib/x86_64-linux-gnu]
  collapse library dir [/lib/../lib] ==> [/lib]
  collapse library dir [/usr/lib/x86_64-linux-gnu] ==> [/usr/lib/x86_64-linux-gnu]
  collapse library dir [/usr/lib/../lib] ==> [/usr/lib]
  collapse library dir [/usr/lib/gcc/x86_64-linux-gnu/7/../../..] ==> [/usr/lib]
  implicit libs: [stdc++;m;gcc_s;gcc;c;gcc_s;gcc]
  implicit dirs: [/usr/lib/gcc/x86_64-linux-gnu/7;/usr/lib/x86_64-linux-gnu;/usr/lib;/lib/x86_64-linux-gnu;/lib]
  implicit fwks: []


Detecting C compiler ABI info compiled with the following output:
Change Dir: /home/haoxin/disk-smu/research/klee-ccured/build/CMakeFiles/CMakeTmp

Run Build Command(s):/usr/bin/make cmTC_d3faa/fast && /usr/bin/make  -f CMakeFiles/cmTC_d3faa.dir/build.make CMakeFiles/cmTC_d3faa.dir/build
make[1]: Entering directory '/home/haoxin/disk-smu/research/klee-ccured/build/CMakeFiles/CMakeTmp'
Building C object CMakeFiles/cmTC_d3faa.dir/CMakeCCompilerABI.c.o
/usr/bin/cc   -v -o CMakeFiles/cmTC_d3faa.dir/CMakeCCompilerABI.c.o -c /usr/local/share/cmake-3.19/Modules/CMakeCCompilerABI.c
Using built-in specs.
COLLECT_GCC=/usr/bin/cc
OFFLOAD_TARGET_NAMES=nvptx-none
OFFLOAD_TARGET_DEFAULT=1
Target: x86_64-linux-gnu
Configured with: ../src/configure -v --with-pkgversion='Ubuntu 7.5.0-3ubuntu1~18.04' --with-bugurl=file:///usr/share/doc/gcc-7/README.Bugs --enable-languages=c,ada,c++,go,brig,d,fortran,objc,obj-c++ --prefix=/usr --with-gcc-major-version-only --program-suffix=-7 --program-prefix=x86_64-linux-gnu- --enable-shared --enable-linker-build-id --libexecdir=/usr/lib --without-included-gettext --enable-threads=posix --libdir=/usr/lib --enable-nls --enable-bootstrap --enable-clocale=gnu --enable-libstdcxx-debug --enable-libstdcxx-time=yes --with-default-libstdcxx-abi=new --enable-gnu-unique-object --disable-vtable-verify --enable-libmpx --enable-plugin --enable-default-pie --with-system-zlib --with-target-system-zlib --enable-objc-gc=auto --enable-multiarch --disable-werror --with-arch-32=i686 --with-abi=m64 --with-multilib-list=m32,m64,mx32 --enable-multilib --with-tune=generic --enable-offload-targets=nvptx-none --without-cuda-driver --enable-checking=release --build=x86_64-linux-gnu --host=x86_64-linux-gnu --target=x86_64-linux-gnu
Thread model: posix
gcc version 7.5.0 (Ubuntu 7.5.0-3ubuntu1~18.04) 
COLLECT_GCC_OPTIONS='-v' '-o' 'CMakeFiles/cmTC_d3faa.dir/CMakeCCompilerABI.c.o' '-c' '-mtune=generic' '-march=x86-64'
 /usr/lib/gcc/x86_64-linux-gnu/7/cc1 -quiet -v -imultiarch x86_64-linux-gnu /usr/local/share/cmake-3.19/Modules/CMakeCCompilerABI.c -quiet -dumpbase CMakeCCompilerABI.c -mtune=generic -march=x86-64 -auxbase-strip CMakeFiles/cmTC_d3faa.dir/CMakeCCompilerABI.c.o -version -fstack-protector-strong -Wformat -Wformat-security -o /tmp/ccK7xj8M.s
GNU C11 (Ubuntu 7.5.0-3ubuntu1~18.04) version 7.5.0 (x86_64-linux-gnu)
	compiled by GNU C version 7.5.0, GMP version 6.1.2, MPFR version 4.0.1, MPC version 1.1.0, isl version isl-0.19-GMP

GGC heuristics: --param ggc-min-expand=100 --param ggc-min-heapsize=131072
ignoring nonexistent directory "/usr/local/include/x86_64-linux-gnu"
ignoring nonexistent directory "/usr/lib/gcc/x86_64-linux-gnu/7/../../../../x86_64-linux-gnu/include"
#include "..." search starts here:
#include <...> search starts here:
 /usr/local/include/csmith-2.3.0/
 /usr/lib/gcc/x86_64-linux-gnu/7/include
 /usr/local/include
 /usr/lib/gcc/x86_64-linux-gnu/7/include-fixed
 /usr/include/x86_64-linux-gnu
 /usr/include
End of search list.
GNU C11 (Ubuntu 7.5.0-3ubuntu1~18.04) version 7.5.0 (x86_64-linux-gnu)
	compiled by GNU C version 7.5.0, GMP version 6.1.2, MPFR version 4.0.1, MPC version 1.1.0, isl version isl-0.19-GMP

GGC heuristics: --param ggc-min-expand=100 --param ggc-min-heapsize=131072
Compiler executable checksum: b62ed4a2880cd4159476ea8293b72fa8
COLLECT_GCC_OPTIONS='-v' '-o' 'CMakeFiles/cmTC_d3faa.dir/CMakeCCompilerABI.c.o' '-c' '-mtune=generic' '-march=x86-64'
 as -v --64 -o CMakeFiles/cmTC_d3faa.dir/CMakeCCompilerABI.c.o /tmp/ccK7xj8M.s
GNU assembler version 2.35 (x86_64-pc-linux-gnu) using BFD version (GNU Binutils) 2.35
COMPILER_PATH=/usr/lib/gcc/x86_64-linux-gnu/7/:/usr/lib/gcc/x86_64-linux-gnu/7/:/usr/lib/gcc/x86_64-linux-gnu/:/usr/lib/gcc/x86_64-linux-gnu/7/:/usr/lib/gcc/x86_64-linux-gnu/
LIBRARY_PATH=/usr/lib/gcc/x86_64-linux-gnu/7/:/usr/lib/gcc/x86_64-linux-gnu/7/../../../x86_64-linux-gnu/:/usr/lib/gcc/x86_64-linux-gnu/7/../../../../lib/:/lib/x86_64-linux-gnu/:/lib/../lib/:/usr/lib/x86_64-linux-gnu/:/usr/lib/../lib/:/usr/lib/gcc/x86_64-linux-gnu/7/../../../:/lib/:/usr/lib/
COLLECT_GCC_OPTIONS='-v' '-o' 'CMakeFiles/cmTC_d3faa.dir/CMakeCCompilerABI.c.o' '-c' '-mtune=generic' '-march=x86-64'
Linking C executable cmTC_d3faa
/usr/local/bin/cmake -E cmake_link_script CMakeFiles/cmTC_d3faa.dir/link.txt --verbose=1
/usr/bin/cc  -v -rdynamic CMakeFiles/cmTC_d3faa.dir/CMakeCCompilerABI.c.o -o cmTC_d3faa 
Using built-in specs.
COLLECT_GCC=/usr/bin/cc
COLLECT_LTO_WRAPPER=/usr/lib/gcc/x86_64-linux-gnu/7/lto-wrapper
OFFLOAD_TARGET_NAMES=nvptx-none
OFFLOAD_TARGET_DEFAULT=1
Target: x86_64-linux-gnu
Configured with: ../src/configure -v --with-pkgversion='Ubuntu 7.5.0-3ubuntu1~18.04' --with-bugurl=file:///usr/share/doc/gcc-7/README.Bugs --enable-languages=c,ada,c++,go,brig,d,fortran,objc,obj-c++ --prefix=/usr --with-gcc-major-version-only --program-suffix=-7 --program-prefix=x86_64-linux-gnu- --enable-shared --enable-linker-build-id --libexecdir=/usr/lib --without-included-gettext --enable-threads=posix --libdir=/usr/lib --enable-nls --enable-bootstrap --enable-clocale=gnu --enable-libstdcxx-debug --enable-libstdcxx-time=yes --with-default-libstdcxx-abi=new --enable-gnu-unique-object --disable-vtable-verify --enable-libmpx --enable-plugin --enable-default-pie --with-system-zlib --with-target-system-zlib --enable-objc-gc=auto --enable-multiarch --disable-werror --with-arch-32=i686 --with-abi=m64 --with-multilib-list=m32,m64,mx32 --enable-multilib --with-tune=generic --enable-offload-targets=nvptx-none --without-cuda-driver --enable-checking=release --build=x86_64-linux-gnu --host=x86_64-linux-gnu --target=x86_64-linux-gnu
Thread model: posix
gcc version 7.5.0 (Ubuntu 7.5.0-3ubuntu1~18.04) 
COMPILER_PATH=/usr/lib/gcc/x86_64-linux-gnu/7/:/usr/lib/gcc/x86_64-linux-gnu/7/:/usr/lib/gcc/x86_64-linux-gnu/:/usr/lib/gcc/x86_64-linux-gnu/7/:/usr/lib/gcc/x86_64-linux-gnu/
LIBRARY_PATH=/usr/lib/gcc/x86_64-linux-gnu/7/:/usr/lib/gcc/x86_64-linux-gnu/7/../../../x86_64-linux-gnu/:/usr/lib/gcc/x86_64-linux-gnu/7/../../../../lib/:/lib/x86_64-linux-gnu/:/lib/../lib/:/usr/lib/x86_64-linux-gnu/:/usr/lib/../lib/:/usr/lib/gcc/x86_64-linux-gnu/7/../../../:/lib/:/usr/lib/
COLLECT_GCC_OPTIONS='-v' '-rdynamic' '-o' 'cmTC_d3faa' '-mtune=generic' '-march=x86-64'
 /usr/lib/gcc/x86_64-linux-gnu/7/collect2 -plugin /usr/lib/gcc/x86_64-linux-gnu/7/liblto_plugin.so -plugin-opt=/usr/lib/gcc/x86_64-linux-gnu/7/lto-wrapper -plugin-opt=-fresolution=/tmp/ccfc979P.res -plugin-opt=-pass-through=-lgcc -plugin-opt=-pass-through=-lgcc_s -plugin-opt=-pass-through=-lc -plugin-opt=-pass-through=-lgcc -plugin-opt=-pass-through=-lgcc_s --build-id --eh-frame-hdr -m elf_x86_64 --hash-style=gnu --as-needed -export-dynamic -dynamic-linker /lib64/ld-linux-x86-64.so.2 -pie -z now -z relro -o cmTC_d3faa /usr/lib/gcc/x86_64-linux-gnu/7/../../../x86_64-linux-gnu/Scrt1.o /usr/lib/gcc/x86_64-linux-gnu/7/../../../x86_64-linux-gnu/crti.o /usr/lib/gcc/x86_64-linux-gnu/7/crtbeginS.o -L/usr/lib/gcc/x86_64-linux-gnu/7 -L/usr/lib/gcc/x86_64-linux-gnu/7/../../../x86_64-linux-gnu -L/usr/lib/gcc/x86_64-linux-gnu/7/../../../../lib -L/lib/x86_64-linux-gnu -L/lib/../lib -L/usr/lib/x86_64-linux-gnu -L/usr/lib/../lib -L/usr/lib/gcc/x86_64-linux-gnu/7/../../.. CMakeFiles/cmTC_d3faa.dir/CMakeCCompilerABI.c.o -lgcc --push-state --as-needed -lgcc_s --pop-state -lc -lgcc --push-state --as-needed -lgcc_s --pop-state /usr/lib/gcc/x86_64-linux-gnu/7/crtendS.o /usr/lib/gcc/x86_64-linux-gnu/7/../../../x86_64-linux-gnu/crtn.o
COLLECT_GCC_OPTIONS='-v' '-rdynamic' '-o' 'cmTC_d3faa' '-mtune=generic' '-march=x86-64'
make[1]: Leaving directory '/home/haoxin/disk-smu/research/klee-ccured/build/CMakeFiles/CMakeTmp'



Parsed C implicit include dir info from above output: rv=done
  found start of include info
  found start of implicit include info
    add: [/usr/local/include/csmith-2.3.0/]
    add: [/usr/lib/gcc/x86_64-linux-gnu/7/include]
    add: [/usr/local/include]
    add: [/usr/lib/gcc/x86_64-linux-gnu/7/include-fixed]
    add: [/usr/include/x86_64-linux-gnu]
    add: [/usr/include]
  end of search list found
  collapse include dir [/usr/local/include/csmith-2.3.0/] ==> [/usr/local/include/csmith-2.3.0]
  collapse include dir [/usr/lib/gcc/x86_64-linux-gnu/7/include] ==> [/usr/lib/gcc/x86_64-linux-gnu/7/include]
  collapse include dir [/usr/local/include] ==> [/usr/local/include]
  collapse include dir [/usr/lib/gcc/x86_64-linux-gnu/7/include-fixed] ==> [/usr/lib/gcc/x86_64-linux-gnu/7/include-fixed]
  collapse include dir [/usr/include/x86_64-linux-gnu] ==> [/usr/include/x86_64-linux-gnu]
  collapse include dir [/usr/include] ==> [/usr/include]
  implicit include dirs: [/usr/local/include/csmith-2.3.0;/usr/lib/gcc/x86_64-linux-gnu/7/include;/usr/local/include;/usr/lib/gcc/x86_64-linux-gnu/7/include-fixed;/usr/include/x86_64-linux-gnu;/usr/include]


Parsed C implicit link information from above output:
  link line regex: [^( *|.*[/\])(ld|CMAKE_LINK_STARTFILE-NOTFOUND|([^/\]+-)?ld|collect2)[^/\]*( |$)]
  ignore line: [Change Dir: /home/haoxin/disk-smu/research/klee-ccured/build/CMakeFiles/CMakeTmp]
  ignore line: []
  ignore line: [Run Build Command(s):/usr/bin/make cmTC_d3faa/fast && /usr/bin/make  -f CMakeFiles/cmTC_d3faa.dir/build.make CMakeFiles/cmTC_d3faa.dir/build]
  ignore line: [make[1]: Entering directory '/home/haoxin/disk-smu/research/klee-ccured/build/CMakeFiles/CMakeTmp']
  ignore line: [Building C object CMakeFiles/cmTC_d3faa.dir/CMakeCCompilerABI.c.o]
  ignore line: [/usr/bin/cc   -v -o CMakeFiles/cmTC_d3faa.dir/CMakeCCompilerABI.c.o -c /usr/local/share/cmake-3.19/Modules/CMakeCCompilerABI.c]
  ignore line: [Using built-in specs.]
  ignore line: [COLLECT_GCC=/usr/bin/cc]
  ignore line: [OFFLOAD_TARGET_NAMES=nvptx-none]
  ignore line: [OFFLOAD_TARGET_DEFAULT=1]
  ignore line: [Target: x86_64-linux-gnu]
  ignore line: [Configured with: ../src/configure -v --with-pkgversion='Ubuntu 7.5.0-3ubuntu1~18.04' --with-bugurl=file:///usr/share/doc/gcc-7/README.Bugs --enable-languages=c ada c++ go brig d fortran objc obj-c++ --prefix=/usr --with-gcc-major-version-only --program-suffix=-7 --program-prefix=x86_64-linux-gnu- --enable-shared --enable-linker-build-id --libexecdir=/usr/lib --without-included-gettext --enable-threads=posix --libdir=/usr/lib --enable-nls --enable-bootstrap --enable-clocale=gnu --enable-libstdcxx-debug --enable-libstdcxx-time=yes --with-default-libstdcxx-abi=new --enable-gnu-unique-object --disable-vtable-verify --enable-libmpx --enable-plugin --enable-default-pie --with-system-zlib --with-target-system-zlib --enable-objc-gc=auto --enable-multiarch --disable-werror --with-arch-32=i686 --with-abi=m64 --with-multilib-list=m32 m64 mx32 --enable-multilib --with-tune=generic --enable-offload-targets=nvptx-none --without-cuda-driver --enable-checking=release --build=x86_64-linux-gnu --host=x86_64-linux-gnu --target=x86_64-linux-gnu]
  ignore line: [Thread model: posix]
  ignore line: [gcc version 7.5.0 (Ubuntu 7.5.0-3ubuntu1~18.04) ]
  ignore line: [COLLECT_GCC_OPTIONS='-v' '-o' 'CMakeFiles/cmTC_d3faa.dir/CMakeCCompilerABI.c.o' '-c' '-mtune=generic' '-march=x86-64']
  ignore line: [ /usr/lib/gcc/x86_64-linux-gnu/7/cc1 -quiet -v -imultiarch x86_64-linux-gnu /usr/local/share/cmake-3.19/Modules/CMakeCCompilerABI.c -quiet -dumpbase CMakeCCompilerABI.c -mtune=generic -march=x86-64 -auxbase-strip CMakeFiles/cmTC_d3faa.dir/CMakeCCompilerABI.c.o -version -fstack-protector-strong -Wformat -Wformat-security -o /tmp/ccK7xj8M.s]
  ignore line: [GNU C11 (Ubuntu 7.5.0-3ubuntu1~18.04) version 7.5.0 (x86_64-linux-gnu)]
  ignore line: [	compiled by GNU C version 7.5.0  GMP version 6.1.2  MPFR version 4.0.1  MPC version 1.1.0  isl version isl-0.19-GMP]
  ignore line: []
  ignore line: [GGC heuristics: --param ggc-min-expand=100 --param ggc-min-heapsize=131072]
  ignore line: [ignoring nonexistent directory "/usr/local/include/x86_64-linux-gnu"]
  ignore line: [ignoring nonexistent directory "/usr/lib/gcc/x86_64-linux-gnu/7/../../../../x86_64-linux-gnu/include"]
  ignore line: [#include "..." search starts here:]
  ignore line: [#include <...> search starts here:]
  ignore line: [ /usr/local/include/csmith-2.3.0/]
  ignore line: [ /usr/lib/gcc/x86_64-linux-gnu/7/include]
  ignore line: [ /usr/local/include]
  ignore line: [ /usr/lib/gcc/x86_64-linux-gnu/7/include-fixed]
  ignore line: [ /usr/include/x86_64-linux-gnu]
  ignore line: [ /usr/include]
  ignore line: [End of search list.]
  ignore line: [GNU C11 (Ubuntu 7.5.0-3ubuntu1~18.04) version 7.5.0 (x86_64-linux-gnu)]
  ignore line: [	compiled by GNU C version 7.5.0  GMP version 6.1.2  MPFR version 4.0.1  MPC version 1.1.0  isl version isl-0.19-GMP]
  ignore line: []
  ignore line: [GGC heuristics: --param ggc-min-expand=100 --param ggc-min-heapsize=131072]
  ignore line: [Compiler executable checksum: b62ed4a2880cd4159476ea8293b72fa8]
  ignore line: [COLLECT_GCC_OPTIONS='-v' '-o' 'CMakeFiles/cmTC_d3faa.dir/CMakeCCompilerABI.c.o' '-c' '-mtune=generic' '-march=x86-64']
  ignore line: [ as -v --64 -o CMakeFiles/cmTC_d3faa.dir/CMakeCCompilerABI.c.o /tmp/ccK7xj8M.s]
  ignore line: [GNU assembler version 2.35 (x86_64-pc-linux-gnu) using BFD version (GNU Binutils) 2.35]
  ignore line: [COMPILER_PATH=/usr/lib/gcc/x86_64-linux-gnu/7/:/usr/lib/gcc/x86_64-linux-gnu/7/:/usr/lib/gcc/x86_64-linux-gnu/:/usr/lib/gcc/x86_64-linux-gnu/7/:/usr/lib/gcc/x86_64-linux-gnu/]
  ignore line: [LIBRARY_PATH=/usr/lib/gcc/x86_64-linux-gnu/7/:/usr/lib/gcc/x86_64-linux-gnu/7/../../../x86_64-linux-gnu/:/usr/lib/gcc/x86_64-linux-gnu/7/../../../../lib/:/lib/x86_64-linux-gnu/:/lib/../lib/:/usr/lib/x86_64-linux-gnu/:/usr/lib/../lib/:/usr/lib/gcc/x86_64-linux-gnu/7/../../../:/lib/:/usr/lib/]
  ignore line: [COLLECT_GCC_OPTIONS='-v' '-o' 'CMakeFiles/cmTC_d3faa.dir/CMakeCCompilerABI.c.o' '-c' '-mtune=generic' '-march=x86-64']
  ignore line: [Linking C executable cmTC_d3faa]
  ignore line: [/usr/local/bin/cmake -E cmake_link_script CMakeFiles/cmTC_d3faa.dir/link.txt --verbose=1]
  ignore line: [/usr/bin/cc  -v -rdynamic CMakeFiles/cmTC_d3faa.dir/CMakeCCompilerABI.c.o -o cmTC_d3faa ]
  ignore line: [Using built-in specs.]
  ignore line: [COLLECT_GCC=/usr/bin/cc]
  ignore line: [COLLECT_LTO_WRAPPER=/usr/lib/gcc/x86_64-linux-gnu/7/lto-wrapper]
  ignore line: [OFFLOAD_TARGET_NAMES=nvptx-none]
  ignore line: [OFFLOAD_TARGET_DEFAULT=1]
  ignore line: [Target: x86_64-linux-gnu]
  ignore line: [Configured with: ../src/configure -v --with-pkgversion='Ubuntu 7.5.0-3ubuntu1~18.04' --with-bugurl=file:///usr/share/doc/gcc-7/README.Bugs --enable-languages=c ada c++ go brig d fortran objc obj-c++ --prefix=/usr --with-gcc-major-version-only --program-suffix=-7 --program-prefix=x86_64-linux-gnu- --enable-shared --enable-linker-build-id --libexecdir=/usr/lib --without-included-gettext --enable-threads=posix --libdir=/usr/lib --enable-nls --enable-bootstrap --enable-clocale=gnu --enable-libstdcxx-debug --enable-libstdcxx-time=yes --with-default-libstdcxx-abi=new --enable-gnu-unique-object --disable-vtable-verify --enable-libmpx --enable-plugin --enable-default-pie --with-system-zlib --with-target-system-zlib --enable-objc-gc=auto --enable-multiarch --disable-werror --with-arch-32=i686 --with-abi=m64 --with-multilib-list=m32 m64 mx32 --enable-multilib --with-tune=generic --enable-offload-targets=nvptx-none --without-cuda-driver --enable-checking=release --build=x86_64-linux-gnu --host=x86_64-linux-gnu --target=x86_64-linux-gnu]
  ignore line: [Thread model: posix]
  ignore line: [gcc version 7.5.0 (Ubuntu 7.5.0-3ubuntu1~18.04) ]
  ignore line: [COMPILER_PATH=/usr/lib/gcc/x86_64-linux-gnu/7/:/usr/lib/gcc/x86_64-linux-gnu/7/:/usr/lib/gcc/x86_64-linux-gnu/:/usr/lib/gcc/x86_64-linux-gnu/7/:/usr/lib/gcc/x86_64-linux-gnu/]
  ignore line: [LIBRARY_PATH=/usr/lib/gcc/x86_64-linux-gnu/7/:/usr/lib/gcc/x86_64-linux-gnu/7/../../../x86_64-linux-gnu/:/usr/lib/gcc/x86_64-linux-gnu/7/../../../../lib/:/lib/x86_64-linux-gnu/:/lib/../lib/:/usr/lib/x86_64-linux-gnu/:/usr/lib/../lib/:/usr/lib/gcc/x86_64-linux-gnu/7/../../../:/lib/:/usr/lib/]
  ignore line: [COLLECT_GCC_OPTIONS='-v' '-rdynamic' '-o' 'cmTC_d3faa' '-mtune=generic' '-march=x86-64']
  link line: [ /usr/lib/gcc/x86_64-linux-gnu/7/collect2 -plugin /usr/lib/gcc/x86_64-linux-gnu/7/liblto_plugin.so -plugin-opt=/usr/lib/gcc/x86_64-linux-gnu/7/lto-wrapper -plugin-opt=-fresolution=/tmp/ccfc979P.res -plugin-opt=-pass-through=-lgcc -plugin-opt=-pass-through=-lgcc_s -plugin-opt=-pass-through=-lc -plugin-opt=-pass-through=-lgcc -plugin-opt=-pass-through=-lgcc_s --build-id --eh-frame-hdr -m elf_x86_64 --hash-style=gnu --as-needed -export-dynamic -dynamic-linker /lib64/ld-linux-x86-64.so.2 -pie -z now -z relro -o cmTC_d3faa /usr/lib/gcc/x86_64-linux-gnu/7/../../../x86_64-linux-gnu/Scrt1.o /usr/lib/gcc/x86_64-linux-gnu/7/../../../x86_64-linux-gnu/crti.o /usr/lib/gcc/x86_64-linux-gnu/7/crtbeginS.o -L/usr/lib/gcc/x86_64-linux-gnu/7 -L/usr/lib/gcc/x86_64-linux-gnu/7/../../../x86_64-linux-gnu -L/usr/lib/gcc/x86_64-linux-gnu/7/../../../../lib -L/lib/x86_64-linux-gnu -L/lib/../lib -L/usr/lib/x86_64-linux-gnu -L/usr/lib/../lib -L/usr/lib/gcc/x86_64-linux-gnu/7/../../.. CMakeFiles/cmTC_d3faa.dir/CMakeCCompilerABI.c.o -lgcc --push-state --as-needed -lgcc_s --pop-state -lc -lgcc --push-state --as-needed -lgcc_s --pop-state /usr/lib/gcc/x86_64-linux-gnu/7/crtendS.o /usr/lib/gcc/x86_64-linux-gnu/7/../../../x86_64-linux-gnu/crtn.o]
    arg [/usr/lib/gcc/x86_64-linux-gnu/7/collect2] ==> ignore
    arg [-plugin] ==> ignore
    arg [/usr/lib/gcc/x86_64-linux-gnu/7/liblto_plugin.so] ==> ignore
    arg [-plugin-opt=/usr/lib/gcc/x86_64-linux-gnu/7/lto-wrapper] ==> ignore
    arg [-plugin-opt=-fresolution=/tmp/ccfc979P.res] ==> ignore
    arg [-plugin-opt=-pass-through=-lgcc] ==> ignore
    arg [-plugin-opt=-pass-through=-lgcc_s] ==> ignore
    arg [-plugin-opt=-pass-through=-lc] ==> ignore
    arg [-plugin-opt=-pass-through=-lgcc] ==> ignore
    arg [-plugin-opt=-pass-through=-lgcc_s] ==> ignore
    arg [--build-id] ==> ignore
    arg [--eh-frame-hdr] ==> ignore
    arg [-m] ==> ignore
    arg [elf_x86_64] ==> ignore
    arg [--hash-style=gnu] ==> ignore
    arg [--as-needed] ==> ignore
    arg [-export-dynamic] ==> ignore
    arg [-dynamic-linker] ==> ignore
    arg [/lib64/ld-linux-x86-64.so.2] ==> ignore
    arg [-pie] ==> ignore
    arg [-znow] ==> ignore
    arg [-zrelro] ==> ignore
    arg [-o] ==> ignore
    arg [cmTC_d3faa] ==> ignore
    arg [/usr/lib/gcc/x86_64-linux-gnu/7/../../../x86_64-linux-gnu/Scrt1.o] ==> ignore
    arg [/usr/lib/gcc/x86_64-linux-gnu/7/../../../x86_64-linux-gnu/crti.o] ==> ignore
    arg [/usr/lib/gcc/x86_64-linux-gnu/7/crtbeginS.o] ==> ignore
    arg [-L/usr/lib/gcc/x86_64-linux-gnu/7] ==> dir [/usr/lib/gcc/x86_64-linux-gnu/7]
    arg [-L/usr/lib/gcc/x86_64-linux-gnu/7/../../../x86_64-linux-gnu] ==> dir [/usr/lib/gcc/x86_64-linux-gnu/7/../../../x86_64-linux-gnu]
    arg [-L/usr/lib/gcc/x86_64-linux-gnu/7/../../../../lib] ==> dir [/usr/lib/gcc/x86_64-linux-gnu/7/../../../../lib]
    arg [-L/lib/x86_64-linux-gnu] ==> dir [/lib/x86_64-linux-gnu]
    arg [-L/lib/../lib] ==> dir [/lib/../lib]
    arg [-L/usr/lib/x86_64-linux-gnu] ==> dir [/usr/lib/x86_64-linux-gnu]
    arg [-L/usr/lib/../lib] ==> dir [/usr/lib/../lib]
    arg [-L/usr/lib/gcc/x86_64-linux-gnu/7/../../..] ==> dir [/usr/lib/gcc/x86_64-linux-gnu/7/../../..]
    arg [CMakeFiles/cmTC_d3faa.dir/CMakeCCompilerABI.c.o] ==> ignore
    arg [-lgcc] ==> lib [gcc]
    arg [--push-state] ==> ignore
    arg [--as-needed] ==> ignore
    arg [-lgcc_s] ==> lib [gcc_s]
    arg [--pop-state] ==> ignore
    arg [-lc] ==> lib [c]
    arg [-lgcc] ==> lib [gcc]
    arg [--push-state] ==> ignore
    arg [--as-needed] ==> ignore
    arg [-lgcc_s] ==> lib [gcc_s]
    arg [--pop-state] ==> ignore
    arg [/usr/lib/gcc/x86_64-linux-gnu/7/crtendS.o] ==> ignore
    arg [/usr/lib/gcc/x86_64-linux-gnu/7/../../../x86_64-linux-gnu/crtn.o] ==> ignore
  collapse library dir [/usr/lib/gcc/x86_64-linux-gnu/7] ==> [/usr/lib/gcc/x86_64-linux-gnu/7]
  collapse library dir [/usr/lib/gcc/x86_64-linux-gnu/7/../../../x86_64-linux-gnu] ==> [/usr/lib/x86_64-linux-gnu]
  collapse library dir [/usr/lib/gcc/x86_64-linux-gnu/7/../../../../lib] ==> [/usr/lib]
  collapse library dir [/lib/x86_64-linux-gnu] ==> [/lib/x86_64-linux-gnu]
  collapse library dir [/lib/../lib] ==> [/lib]
  collapse library dir [/usr/lib/x86_64-linux-gnu] ==> [/usr/lib/x86_64-linux-gnu]
  collapse library dir [/usr/lib/../lib] ==> [/usr/lib]
  collapse library dir [/usr/lib/gcc/x86_64-linux-gnu/7/../../..] ==> [/usr/lib]
  implicit libs: [gcc;gcc_s;c;gcc;gcc_s]
  implicit dirs: [/usr/lib/gcc/x86_64-linux-gnu/7;/usr/lib/x86_64-linux-gnu;/usr/lib;/lib/x86_64-linux-gnu;/lib]
  implicit fwks: []


Performing C++ SOURCE FILE Test HAS__Wall_CXX succeeded with the following output:
Change Dir: /home/haoxin/disk-smu/research/klee-ccured/build/CMakeFiles/CMakeTmp

Run Build Command(s):/usr/bin/make cmTC_3df6b/fast && /usr/bin/make  -f CMakeFiles/cmTC_3df6b.dir/build.make CMakeFiles/cmTC_3df6b.dir/build
make[1]: Entering directory '/home/haoxin/disk-smu/research/klee-ccured/build/CMakeFiles/CMakeTmp'
Building CXX object CMakeFiles/cmTC_3df6b.dir/src.cxx.o
/usr/bin/c++ -DHAS__Wall_CXX  -Wall -o CMakeFiles/cmTC_3df6b.dir/src.cxx.o -c /home/haoxin/disk-smu/research/klee-ccured/build/CMakeFiles/CMakeTmp/src.cxx
Linking CXX executable cmTC_3df6b
/usr/local/bin/cmake -E cmake_link_script CMakeFiles/cmTC_3df6b.dir/link.txt --verbose=1
/usr/bin/c++ -rdynamic CMakeFiles/cmTC_3df6b.dir/src.cxx.o -o cmTC_3df6b 
make[1]: Leaving directory '/home/haoxin/disk-smu/research/klee-ccured/build/CMakeFiles/CMakeTmp'


Source file was:
int main() { return 0; }
Performing C++ SOURCE FILE Test HAS__Wextra_CXX succeeded with the following output:
Change Dir: /home/haoxin/disk-smu/research/klee-ccured/build/CMakeFiles/CMakeTmp

Run Build Command(s):/usr/bin/make cmTC_1d65f/fast && /usr/bin/make  -f CMakeFiles/cmTC_1d65f.dir/build.make CMakeFiles/cmTC_1d65f.dir/build
make[1]: Entering directory '/home/haoxin/disk-smu/research/klee-ccured/build/CMakeFiles/CMakeTmp'
Building CXX object CMakeFiles/cmTC_1d65f.dir/src.cxx.o
/usr/bin/c++ -DHAS__Wextra_CXX  -Wall    -Wextra -o CMakeFiles/cmTC_1d65f.dir/src.cxx.o -c /home/haoxin/disk-smu/research/klee-ccured/build/CMakeFiles/CMakeTmp/src.cxx
Linking CXX executable cmTC_1d65f
/usr/local/bin/cmake -E cmake_link_script CMakeFiles/cmTC_1d65f.dir/link.txt --verbose=1
/usr/bin/c++  -Wall  -rdynamic CMakeFiles/cmTC_1d65f.dir/src.cxx.o -o cmTC_1d65f 
make[1]: Leaving directory '/home/haoxin/disk-smu/research/klee-ccured/build/CMakeFiles/CMakeTmp'


Source file was:
int main() { return 0; }
Performing C++ SOURCE FILE Test HAS__Wno_unused_parameter_CXX succeeded with the following output:
Change Dir: /home/haoxin/disk-smu/research/klee-ccured/build/CMakeFiles/CMakeTmp

Run Build Command(s):/usr/bin/make cmTC_08295/fast && /usr/bin/make  -f CMakeFiles/cmTC_08295.dir/build.make CMakeFiles/cmTC_08295.dir/build
make[1]: Entering directory '/home/haoxin/disk-smu/research/klee-ccured/build/CMakeFiles/CMakeTmp'
Building CXX object CMakeFiles/cmTC_08295.dir/src.cxx.o
/usr/bin/c++ -DHAS__Wno_unused_parameter_CXX  -Wall -Wextra    -Wno-unused-parameter -o CMakeFiles/cmTC_08295.dir/src.cxx.o -c /home/haoxin/disk-smu/research/klee-ccured/build/CMakeFiles/CMakeTmp/src.cxx
Linking CXX executable cmTC_08295
/usr/local/bin/cmake -E cmake_link_script CMakeFiles/cmTC_08295.dir/link.txt --verbose=1
/usr/bin/c++  -Wall -Wextra  -rdynamic CMakeFiles/cmTC_08295.dir/src.cxx.o -o cmTC_08295 
make[1]: Leaving directory '/home/haoxin/disk-smu/research/klee-ccured/build/CMakeFiles/CMakeTmp'


Source file was:
int main() { return 0; }
Performing C SOURCE FILE Test HAS__Wall_C succeeded with the following output:
Change Dir: /home/haoxin/disk-smu/research/klee-ccured/build/CMakeFiles/CMakeTmp

Run Build Command(s):/usr/bin/make cmTC_7d188/fast && /usr/bin/make  -f CMakeFiles/cmTC_7d188.dir/build.make CMakeFiles/cmTC_7d188.dir/build
make[1]: Entering directory '/home/haoxin/disk-smu/research/klee-ccured/build/CMakeFiles/CMakeTmp'
Building C object CMakeFiles/cmTC_7d188.dir/src.c.o
/usr/bin/cc -DHAS__Wall_C  -Wall -o CMakeFiles/cmTC_7d188.dir/src.c.o -c /home/haoxin/disk-smu/research/klee-ccured/build/CMakeFiles/CMakeTmp/src.c
Linking C executable cmTC_7d188
/usr/local/bin/cmake -E cmake_link_script CMakeFiles/cmTC_7d188.dir/link.txt --verbose=1
/usr/bin/cc -rdynamic CMakeFiles/cmTC_7d188.dir/src.c.o -o cmTC_7d188 
make[1]: Leaving directory '/home/haoxin/disk-smu/research/klee-ccured/build/CMakeFiles/CMakeTmp'


Source file was:
int main(void) { return 0; }
Performing C SOURCE FILE Test HAS__Wextra_C succeeded with the following output:
Change Dir: /home/haoxin/disk-smu/research/klee-ccured/build/CMakeFiles/CMakeTmp

Run Build Command(s):/usr/bin/make cmTC_b322b/fast && /usr/bin/make  -f CMakeFiles/cmTC_b322b.dir/build.make CMakeFiles/cmTC_b322b.dir/build
make[1]: Entering directory '/home/haoxin/disk-smu/research/klee-ccured/build/CMakeFiles/CMakeTmp'
Building C object CMakeFiles/cmTC_b322b.dir/src.c.o
/usr/bin/cc -DHAS__Wextra_C  -Wall    -Wextra -o CMakeFiles/cmTC_b322b.dir/src.c.o -c /home/haoxin/disk-smu/research/klee-ccured/build/CMakeFiles/CMakeTmp/src.c
Linking C executable cmTC_b322b
/usr/local/bin/cmake -E cmake_link_script CMakeFiles/cmTC_b322b.dir/link.txt --verbose=1
/usr/bin/cc  -Wall  -rdynamic CMakeFiles/cmTC_b322b.dir/src.c.o -o cmTC_b322b 
make[1]: Leaving directory '/home/haoxin/disk-smu/research/klee-ccured/build/CMakeFiles/CMakeTmp'


Source file was:
int main(void) { return 0; }
Performing C SOURCE FILE Test HAS__Wno_unused_parameter_C succeeded with the following output:
Change Dir: /home/haoxin/disk-smu/research/klee-ccured/build/CMakeFiles/CMakeTmp

Run Build Command(s):/usr/bin/make cmTC_f68dc/fast && /usr/bin/make  -f CMakeFiles/cmTC_f68dc.dir/build.make CMakeFiles/cmTC_f68dc.dir/build
make[1]: Entering directory '/home/haoxin/disk-smu/research/klee-ccured/build/CMakeFiles/CMakeTmp'
Building C object CMakeFiles/cmTC_f68dc.dir/src.c.o
/usr/bin/cc -DHAS__Wno_unused_parameter_C  -Wall -Wextra    -Wno-unused-parameter -o CMakeFiles/cmTC_f68dc.dir/src.c.o -c /home/haoxin/disk-smu/research/klee-ccured/build/CMakeFiles/CMakeTmp/src.c
Linking C executable cmTC_f68dc
/usr/local/bin/cmake -E cmake_link_script CMakeFiles/cmTC_f68dc.dir/link.txt --verbose=1
/usr/bin/cc  -Wall -Wextra  -rdynamic CMakeFiles/cmTC_f68dc.dir/src.c.o -o cmTC_f68dc 
make[1]: Leaving directory '/home/haoxin/disk-smu/research/klee-ccured/build/CMakeFiles/CMakeTmp'


Source file was:
int main(void) { return 0; }
Determining if the prototype Z3_get_error_msg exists for HAVE_Z3_GET_ERROR_MSG_NEEDS_CONTEXT passed with the following output:
Change Dir: /home/haoxin/disk-smu/research/klee-ccured/build/CMakeFiles/CMakeTmp

Run Build Command(s):/usr/bin/make cmTC_0dfd0/fast && /usr/bin/make  -f CMakeFiles/cmTC_0dfd0.dir/build.make CMakeFiles/cmTC_0dfd0.dir/build
make[1]: Entering directory '/home/haoxin/disk-smu/research/klee-ccured/build/CMakeFiles/CMakeTmp'
Building C object CMakeFiles/cmTC_0dfd0.dir/CheckPrototypeDefinition.c.o
/usr/bin/cc   -Wall -Wextra -Wno-unused-parameter  -o CMakeFiles/cmTC_0dfd0.dir/CheckPrototypeDefinition.c.o -c /home/haoxin/disk-smu/research/klee-ccured/build/CMakeFiles/CMakeTmp/CheckPrototypeDefinition.c
Linking C executable cmTC_0dfd0
/usr/local/bin/cmake -E cmake_link_script CMakeFiles/cmTC_0dfd0.dir/link.txt --verbose=1
/usr/bin/cc  -Wall -Wextra -Wno-unused-parameter  -rdynamic CMakeFiles/cmTC_0dfd0.dir/CheckPrototypeDefinition.c.o -o cmTC_0dfd0  -Wl,-rpath,/usr/local/lib /usr/local/lib/libz3.so 
make[1]: Leaving directory '/home/haoxin/disk-smu/research/klee-ccured/build/CMakeFiles/CMakeTmp'



Performing C++ SOURCE FILE Test HAS__fno_exceptions succeeded with the following output:
Change Dir: /home/haoxin/disk-smu/research/klee-ccured/build/CMakeFiles/CMakeTmp

Run Build Command(s):/usr/bin/make cmTC_95b0a/fast && /usr/bin/make  -f CMakeFiles/cmTC_95b0a.dir/build.make CMakeFiles/cmTC_95b0a.dir/build
make[1]: Entering directory '/home/haoxin/disk-smu/research/klee-ccured/build/CMakeFiles/CMakeTmp'
Building CXX object CMakeFiles/cmTC_95b0a.dir/src.cxx.o
/usr/bin/c++ -DHAS__fno_exceptions  -Wall -Wextra -Wno-unused-parameter    -fno-exceptions -o CMakeFiles/cmTC_95b0a.dir/src.cxx.o -c /home/haoxin/disk-smu/research/klee-ccured/build/CMakeFiles/CMakeTmp/src.cxx
Linking CXX executable cmTC_95b0a
/usr/local/bin/cmake -E cmake_link_script CMakeFiles/cmTC_95b0a.dir/link.txt --verbose=1
/usr/bin/c++  -Wall -Wextra -Wno-unused-parameter  -rdynamic CMakeFiles/cmTC_95b0a.dir/src.cxx.o -o cmTC_95b0a 
make[1]: Leaving directory '/home/haoxin/disk-smu/research/klee-ccured/build/CMakeFiles/CMakeTmp'


Source file was:
int main() { return 0; }
Performing C++ SOURCE FILE Test HAS__fno_rtti succeeded with the following output:
Change Dir: /home/haoxin/disk-smu/research/klee-ccured/build/CMakeFiles/CMakeTmp

Run Build Command(s):/usr/bin/make cmTC_66d95/fast && /usr/bin/make  -f CMakeFiles/cmTC_66d95.dir/build.make CMakeFiles/cmTC_66d95.dir/build
make[1]: Entering directory '/home/haoxin/disk-smu/research/klee-ccured/build/CMakeFiles/CMakeTmp'
Building CXX object CMakeFiles/cmTC_66d95.dir/src.cxx.o
/usr/bin/c++ -DHAS__fno_rtti  -Wall -Wextra -Wno-unused-parameter    -fno-rtti -o CMakeFiles/cmTC_66d95.dir/src.cxx.o -c /home/haoxin/disk-smu/research/klee-ccured/build/CMakeFiles/CMakeTmp/src.cxx
Linking CXX executable cmTC_66d95
/usr/local/bin/cmake -E cmake_link_script CMakeFiles/cmTC_66d95.dir/link.txt --verbose=1
/usr/bin/c++  -Wall -Wextra -Wno-unused-parameter  -rdynamic CMakeFiles/cmTC_66d95.dir/src.cxx.o -o cmTC_66d95 
make[1]: Leaving directory '/home/haoxin/disk-smu/research/klee-ccured/build/CMakeFiles/CMakeTmp'


Source file was:
int main() { return 0; }
Determining if the include file gperftools/malloc_extension.h exists passed with the following output:
Change Dir: /home/haoxin/disk-smu/research/klee-ccured/build/CMakeFiles/CMakeTmp

Run Build Command(s):/usr/bin/make cmTC_49655/fast && /usr/bin/make  -f CMakeFiles/cmTC_49655.dir/build.make CMakeFiles/cmTC_49655.dir/build
make[1]: Entering directory '/home/haoxin/disk-smu/research/klee-ccured/build/CMakeFiles/CMakeTmp'
Building CXX object CMakeFiles/cmTC_49655.dir/CheckIncludeFile.cxx.o
/usr/bin/c++   -Wall -Wextra -Wno-unused-parameter  -o CMakeFiles/cmTC_49655.dir/CheckIncludeFile.cxx.o -c /home/haoxin/disk-smu/research/klee-ccured/build/CMakeFiles/CMakeTmp/CheckIncludeFile.cxx
Linking CXX executable cmTC_49655
/usr/local/bin/cmake -E cmake_link_script CMakeFiles/cmTC_49655.dir/link.txt --verbose=1
/usr/bin/c++  -Wall -Wextra -Wno-unused-parameter  -rdynamic CMakeFiles/cmTC_49655.dir/CheckIncludeFile.cxx.o -o cmTC_49655 
make[1]: Leaving directory '/home/haoxin/disk-smu/research/klee-ccured/build/CMakeFiles/CMakeTmp'



Performing C++ SOURCE FILE Test HAS__fno_builtin_malloc succeeded with the following output:
Change Dir: /home/haoxin/disk-smu/research/klee-ccured/build/CMakeFiles/CMakeTmp

Run Build Command(s):/usr/bin/make cmTC_b87d1/fast && /usr/bin/make  -f CMakeFiles/cmTC_b87d1.dir/build.make CMakeFiles/cmTC_b87d1.dir/build
make[1]: Entering directory '/home/haoxin/disk-smu/research/klee-ccured/build/CMakeFiles/CMakeTmp'
Building CXX object CMakeFiles/cmTC_b87d1.dir/src.cxx.o
/usr/bin/c++ -DHAS__fno_builtin_malloc  -Wall -Wextra -Wno-unused-parameter    -fno-builtin-malloc -o CMakeFiles/cmTC_b87d1.dir/src.cxx.o -c /home/haoxin/disk-smu/research/klee-ccured/build/CMakeFiles/CMakeTmp/src.cxx
Linking CXX executable cmTC_b87d1
/usr/local/bin/cmake -E cmake_link_script CMakeFiles/cmTC_b87d1.dir/link.txt --verbose=1
/usr/bin/c++  -Wall -Wextra -Wno-unused-parameter  -rdynamic CMakeFiles/cmTC_b87d1.dir/src.cxx.o -o cmTC_b87d1 
make[1]: Leaving directory '/home/haoxin/disk-smu/research/klee-ccured/build/CMakeFiles/CMakeTmp'


Source file was:
int main() { return 0; }
Performing C++ SOURCE FILE Test HAS__fno_builtin_calloc succeeded with the following output:
Change Dir: /home/haoxin/disk-smu/research/klee-ccured/build/CMakeFiles/CMakeTmp

Run Build Command(s):/usr/bin/make cmTC_da359/fast && /usr/bin/make  -f CMakeFiles/cmTC_da359.dir/build.make CMakeFiles/cmTC_da359.dir/build
make[1]: Entering directory '/home/haoxin/disk-smu/research/klee-ccured/build/CMakeFiles/CMakeTmp'
Building CXX object CMakeFiles/cmTC_da359.dir/src.cxx.o
/usr/bin/c++ -DHAS__fno_builtin_calloc  -Wall -Wextra -Wno-unused-parameter    -fno-builtin-calloc -o CMakeFiles/cmTC_da359.dir/src.cxx.o -c /home/haoxin/disk-smu/research/klee-ccured/build/CMakeFiles/CMakeTmp/src.cxx
Linking CXX executable cmTC_da359
/usr/local/bin/cmake -E cmake_link_script CMakeFiles/cmTC_da359.dir/link.txt --verbose=1
/usr/bin/c++  -Wall -Wextra -Wno-unused-parameter  -rdynamic CMakeFiles/cmTC_da359.dir/src.cxx.o -o cmTC_da359 
make[1]: Leaving directory '/home/haoxin/disk-smu/research/klee-ccured/build/CMakeFiles/CMakeTmp'


Source file was:
int main() { return 0; }
Performing C++ SOURCE FILE Test HAS__fno_builtin_realloc succeeded with the following output:
Change Dir: /home/haoxin/disk-smu/research/klee-ccured/build/CMakeFiles/CMakeTmp

Run Build Command(s):/usr/bin/make cmTC_0ac6d/fast && /usr/bin/make  -f CMakeFiles/cmTC_0ac6d.dir/build.make CMakeFiles/cmTC_0ac6d.dir/build
make[1]: Entering directory '/home/haoxin/disk-smu/research/klee-ccured/build/CMakeFiles/CMakeTmp'
Building CXX object CMakeFiles/cmTC_0ac6d.dir/src.cxx.o
/usr/bin/c++ -DHAS__fno_builtin_realloc  -Wall -Wextra -Wno-unused-parameter    -fno-builtin-realloc -o CMakeFiles/cmTC_0ac6d.dir/src.cxx.o -c /home/haoxin/disk-smu/research/klee-ccured/build/CMakeFiles/CMakeTmp/src.cxx
Linking CXX executable cmTC_0ac6d
/usr/local/bin/cmake -E cmake_link_script CMakeFiles/cmTC_0ac6d.dir/link.txt --verbose=1
/usr/bin/c++  -Wall -Wextra -Wno-unused-parameter  -rdynamic CMakeFiles/cmTC_0ac6d.dir/src.cxx.o -o cmTC_0ac6d 
make[1]: Leaving directory '/home/haoxin/disk-smu/research/klee-ccured/build/CMakeFiles/CMakeTmp'


Source file was:
int main() { return 0; }
Performing C++ SOURCE FILE Test HAS__fno_builtin_free succeeded with the following output:
Change Dir: /home/haoxin/disk-smu/research/klee-ccured/build/CMakeFiles/CMakeTmp

Run Build Command(s):/usr/bin/make cmTC_b6110/fast && /usr/bin/make  -f CMakeFiles/cmTC_b6110.dir/build.make CMakeFiles/cmTC_b6110.dir/build
make[1]: Entering directory '/home/haoxin/disk-smu/research/klee-ccured/build/CMakeFiles/CMakeTmp'
Building CXX object CMakeFiles/cmTC_b6110.dir/src.cxx.o
/usr/bin/c++ -DHAS__fno_builtin_free  -Wall -Wextra -Wno-unused-parameter    -fno-builtin-free -o CMakeFiles/cmTC_b6110.dir/src.cxx.o -c /home/haoxin/disk-smu/research/klee-ccured/build/CMakeFiles/CMakeTmp/src.cxx
Linking CXX executable cmTC_b6110
/usr/local/bin/cmake -E cmake_link_script CMakeFiles/cmTC_b6110.dir/link.txt --verbose=1
/usr/bin/c++  -Wall -Wextra -Wno-unused-parameter  -rdynamic CMakeFiles/cmTC_b6110.dir/src.cxx.o -o cmTC_b6110 
make[1]: Leaving directory '/home/haoxin/disk-smu/research/klee-ccured/build/CMakeFiles/CMakeTmp'


Source file was:
int main() { return 0; }
Determining if the include file sys/capability.h exists passed with the following output:
Change Dir: /home/haoxin/disk-smu/research/klee-ccured/build/CMakeFiles/CMakeTmp

Run Build Command(s):/usr/bin/make cmTC_482c1/fast && /usr/bin/make  -f CMakeFiles/cmTC_482c1.dir/build.make CMakeFiles/cmTC_482c1.dir/build
make[1]: Entering directory '/home/haoxin/disk-smu/research/klee-ccured/build/CMakeFiles/CMakeTmp'
Building C object CMakeFiles/cmTC_482c1.dir/CheckIncludeFile.c.o
/usr/bin/cc   -Wall -Wextra -Wno-unused-parameter  -o CMakeFiles/cmTC_482c1.dir/CheckIncludeFile.c.o -c /home/haoxin/disk-smu/research/klee-ccured/build/CMakeFiles/CMakeTmp/CheckIncludeFile.c
Linking C executable cmTC_482c1
/usr/local/bin/cmake -E cmake_link_script CMakeFiles/cmTC_482c1.dir/link.txt --verbose=1
/usr/bin/cc  -Wall -Wextra -Wno-unused-parameter  -rdynamic CMakeFiles/cmTC_482c1.dir/CheckIncludeFile.c.o -o cmTC_482c1 
make[1]: Leaving directory '/home/haoxin/disk-smu/research/klee-ccured/build/CMakeFiles/CMakeTmp'



Determining if the include file pty.h exists passed with the following output:
Change Dir: /home/haoxin/disk-smu/research/klee-ccured/build/CMakeFiles/CMakeTmp

Run Build Command(s):/usr/bin/make cmTC_f4eed/fast && /usr/bin/make  -f CMakeFiles/cmTC_f4eed.dir/build.make CMakeFiles/cmTC_f4eed.dir/build
make[1]: Entering directory '/home/haoxin/disk-smu/research/klee-ccured/build/CMakeFiles/CMakeTmp'
Building C object CMakeFiles/cmTC_f4eed.dir/CheckIncludeFile.c.o
/usr/bin/cc   -Wall -Wextra -Wno-unused-parameter  -o CMakeFiles/cmTC_f4eed.dir/CheckIncludeFile.c.o -c /home/haoxin/disk-smu/research/klee-ccured/build/CMakeFiles/CMakeTmp/CheckIncludeFile.c
Linking C executable cmTC_f4eed
/usr/local/bin/cmake -E cmake_link_script CMakeFiles/cmTC_f4eed.dir/link.txt --verbose=1
/usr/bin/cc  -Wall -Wextra -Wno-unused-parameter  -rdynamic CMakeFiles/cmTC_f4eed.dir/CheckIncludeFile.c.o -o cmTC_f4eed 
make[1]: Leaving directory '/home/haoxin/disk-smu/research/klee-ccured/build/CMakeFiles/CMakeTmp'



Determining if the function openpty exists in the util passed with the following output:
Change Dir: /home/haoxin/disk-smu/research/klee-ccured/build/CMakeFiles/CMakeTmp

Run Build Command(s):/usr/bin/make cmTC_f2b26/fast && /usr/bin/make  -f CMakeFiles/cmTC_f2b26.dir/build.make CMakeFiles/cmTC_f2b26.dir/build
make[1]: Entering directory '/home/haoxin/disk-smu/research/klee-ccured/build/CMakeFiles/CMakeTmp'
Building C object CMakeFiles/cmTC_f2b26.dir/CheckFunctionExists.c.o
/usr/bin/cc   -Wall -Wextra -Wno-unused-parameter -DCHECK_FUNCTION_EXISTS=openpty -o CMakeFiles/cmTC_f2b26.dir/CheckFunctionExists.c.o -c /usr/local/share/cmake-3.19/Modules/CheckFunctionExists.c
Linking C executable cmTC_f2b26
/usr/local/bin/cmake -E cmake_link_script CMakeFiles/cmTC_f2b26.dir/link.txt --verbose=1
/usr/bin/cc  -Wall -Wextra -Wno-unused-parameter -DCHECK_FUNCTION_EXISTS=openpty -rdynamic CMakeFiles/cmTC_f2b26.dir/CheckFunctionExists.c.o -o cmTC_f2b26  -lutil 
make[1]: Leaving directory '/home/haoxin/disk-smu/research/klee-ccured/build/CMakeFiles/CMakeTmp'



Determining if the __ctype_b_loc exist passed with the following output:
Change Dir: /home/haoxin/disk-smu/research/klee-ccured/build/CMakeFiles/CMakeTmp

Run Build Command(s):/usr/bin/make cmTC_ebc5e/fast && /usr/bin/make  -f CMakeFiles/cmTC_ebc5e.dir/build.make CMakeFiles/cmTC_ebc5e.dir/build
make[1]: Entering directory '/home/haoxin/disk-smu/research/klee-ccured/build/CMakeFiles/CMakeTmp'
Building CXX object CMakeFiles/cmTC_ebc5e.dir/CheckSymbolExists.cxx.o
/usr/bin/c++   -Wall -Wextra -Wno-unused-parameter  -o CMakeFiles/cmTC_ebc5e.dir/CheckSymbolExists.cxx.o -c /home/haoxin/disk-smu/research/klee-ccured/build/CMakeFiles/CMakeTmp/CheckSymbolExists.cxx
Linking CXX executable cmTC_ebc5e
/usr/local/bin/cmake -E cmake_link_script CMakeFiles/cmTC_ebc5e.dir/link.txt --verbose=1
/usr/bin/c++  -Wall -Wextra -Wno-unused-parameter  -rdynamic CMakeFiles/cmTC_ebc5e.dir/CheckSymbolExists.cxx.o -o cmTC_ebc5e 
make[1]: Leaving directory '/home/haoxin/disk-smu/research/klee-ccured/build/CMakeFiles/CMakeTmp'


File /home/haoxin/disk-smu/research/klee-ccured/build/CMakeFiles/CMakeTmp/CheckSymbolExists.cxx:
/* */
#include <ctype.h>

int main(int argc, char** argv)
{
  (void)argv;
#ifndef __ctype_b_loc
  return ((int*)(&__ctype_b_loc))[argc];
#else
  (void)argc;
  return 0;
#endif
}
Determining if the mallinfo exist passed with the following output:
Change Dir: /home/haoxin/disk-smu/research/klee-ccured/build/CMakeFiles/CMakeTmp

Run Build Command(s):/usr/bin/make cmTC_23bb4/fast && /usr/bin/make  -f CMakeFiles/cmTC_23bb4.dir/build.make CMakeFiles/cmTC_23bb4.dir/build
make[1]: Entering directory '/home/haoxin/disk-smu/research/klee-ccured/build/CMakeFiles/CMakeTmp'
Building CXX object CMakeFiles/cmTC_23bb4.dir/CheckSymbolExists.cxx.o
/usr/bin/c++   -Wall -Wextra -Wno-unused-parameter  -o CMakeFiles/cmTC_23bb4.dir/CheckSymbolExists.cxx.o -c /home/haoxin/disk-smu/research/klee-ccured/build/CMakeFiles/CMakeTmp/CheckSymbolExists.cxx
Linking CXX executable cmTC_23bb4
/usr/local/bin/cmake -E cmake_link_script CMakeFiles/cmTC_23bb4.dir/link.txt --verbose=1
/usr/bin/c++  -Wall -Wextra -Wno-unused-parameter  -rdynamic CMakeFiles/cmTC_23bb4.dir/CheckSymbolExists.cxx.o -o cmTC_23bb4 
make[1]: Leaving directory '/home/haoxin/disk-smu/research/klee-ccured/build/CMakeFiles/CMakeTmp'


File /home/haoxin/disk-smu/research/klee-ccured/build/CMakeFiles/CMakeTmp/CheckSymbolExists.cxx:
/* */
#include <malloc.h>

int main(int argc, char** argv)
{
  (void)argv;
#ifndef mallinfo
  return ((int*)(&mallinfo))[argc];
#else
  (void)argc;
  return 0;
#endif
}
Determining if the include file sys/statfs.h exists passed with the following output:
Change Dir: /home/haoxin/disk-smu/research/klee-ccured/build/CMakeFiles/CMakeTmp

Run Build Command(s):/usr/bin/make cmTC_bf2af/fast && /usr/bin/make  -f CMakeFiles/cmTC_bf2af.dir/build.make CMakeFiles/cmTC_bf2af.dir/build
make[1]: Entering directory '/home/haoxin/disk-smu/research/klee-ccured/build/CMakeFiles/CMakeTmp'
Building C object CMakeFiles/cmTC_bf2af.dir/CheckIncludeFile.c.o
/usr/bin/cc   -Wall -Wextra -Wno-unused-parameter  -o CMakeFiles/cmTC_bf2af.dir/CheckIncludeFile.c.o -c /home/haoxin/disk-smu/research/klee-ccured/build/CMakeFiles/CMakeTmp/CheckIncludeFile.c
Linking C executable cmTC_bf2af
/usr/local/bin/cmake -E cmake_link_script CMakeFiles/cmTC_bf2af.dir/link.txt --verbose=1
/usr/bin/cc  -Wall -Wextra -Wno-unused-parameter  -rdynamic CMakeFiles/cmTC_bf2af.dir/CheckIncludeFile.c.o -o cmTC_bf2af 
make[1]: Leaving directory '/home/haoxin/disk-smu/research/klee-ccured/build/CMakeFiles/CMakeTmp'



